4.251902055464e+00
-2.988291262073e-03
2.455306027255e-01
1.746239371567e+00
5.091383067922e-01
-8.703441938306e-01
-7.942596714055e-01
2.726116729570e+00
1.864200831363e+00
7.933653772109e-01
-1.740366699551e+00
-7.741283262965e-01
4.358183814771e-02
-9.846547458599e-01
9.312202350530e-01
8.282373784275e-01
-2.625829200444e-02
9.980610944017e-01
4.549316930919e+00
1.887360745881e+00
1.865983896582e+00
9.202453736226e-01
-1.953778804091e-02
-2.547720131861e+00
9.575854433501e-01
2.551439161484e+00
3.156678068434e-02
-1.849034560855e+00
-9.334657576591e-01
-1.816914814145e+00
-1.981457304941e-01
-1.909789226869e+00
-9.220371957641e-01
-2.779111500582e+00
-1.796550750490e+00
-8.125754126426e-01
-1.862768536454e+00
-2.733038503738e+00
-1.369844437316e-02
5.314973791367e-04
-9.215369218567e-01
-1.669384367648e-02
-3.777683206702e+00
-8.822844625984e-01
2.219659250845e-02
-1.702853275696e-02
2.651338455109e+00
8.627384942544e-02
-7.232122720947e-04
9.111755334680e-01
-1.861518071194e+00
-9.223256315063e-01
-9.470034946946e-01
-9.496351588368e-01
-9.506046893502e-01
9.078837130553e-01
1.846141177905e+00
-7.679288543309e-03
8.789790107719e-01
-8.693093997554e-01
6.731629961438e-03
-1.902863169962e+00
-1.922716453383e+00
-1.973010278490e-02
1.822550435223e+00
1.903582481375e+00
3.731699924286e+00
3.737597158361e+00
-9.403483820076e-01
8.744283743242e-01
-5.007259634975e-02
-2.766083973248e+00
-1.861704119879e+00
-7.976729971075e-01
-1.890979934041e+00
-1.034867194166e+00
1.122084210289e+00
5.945888663160e-02
9.156190521497e-01
-9.604725445696e-01
-2.788792284324e+00
-6.333554704340e-02
8.927083307185e-01
-1.422689472361e-03
-7.344032110245e-01
-1.867361999286e+00
-1.692514299322e+00
-7.598988437956e-01
-8.488773022380e-01
2.620173256795e-01
-2.974858273533e-02
2.784635881394e+00
2.843460127114e+00
1.825161011785e+00
-9.409998488932e-01
-2.441386119354e-02
1.776241955931e+00
-8.618841190910e-01
-1.862798741059e+00
9.636350356394e-01
1.455989769492e-02
1.715530770591e+00
1.010548008808e+00
-8.253078547087e-01
2.834185481853e-02
8.446114803845e-01
1.852449407316e+00
1.827951200765e+00
9.804487316622e-01
-9.794745665821e-01
-1.877160878487e+00
-1.892342518350e+00
-3.740451551191e+00
8.547490992627e-01
-9.410669227403e-01
-1.520694988532e+00
-9.408273794690e-01
3.480920231804e-03
-5.219021254910e-02
8.705995968548e-01
-8.175435572398e-01
-3.485708030199e+00
-2.152546555087e-02
-1.396473490575e-01
-2.786337429761e+00
-4.562907974548e+00
-2.729701872308e+00
-2.791345166020e+00
1.783994315038e+00
1.696638303605e-01
-9.244600438389e-01
2.789933213545e+00
2.798883152768e+00
1.911602550462e+00
2.541105039952e-02
2.748672876094e+00
-9.285121462472e-01
8.718882771447e-02
-8.979486488222e-01
-1.720345509271e+00
8.663637958095e-02
4.196656957661e-02
9.435618760197e-01
1.881654905811e+00
1.812787968603e+00
1.710602875893e+00
-8.775001980330e-01
-9.484803852098e-01
3.592719809020e+00
2.798774288835e+00
-8.758954604845e-01
-2.966197405061e-02
1.792112720407e+00
9.104805758112e-01
8.916093275870e-01
3.891938899303e-04
1.877273030939e+00
-1.813862599754e+00
2.303403196624e-02
-8.362767444936e-01
6.739967980942e-03
-2.722694127593e-02
2.818181507180e+00
3.648381485050e+00
-9.491818959600e-01
-2.779968146829e+00
-2.743298413645e+00
-9.211595746006e-01
-2.494725837428e+00
-9.183702910909e-01
9.623404204628e-01
-2.391674813722e-02
-5.775876717527e-01
2.020652996195e-04
1.093488056697e+00
-1.856310258555e+00
8.889440873070e-01
2.796586224336e-02
-9.067114337678e-02
-5.650037175832e-02
8.680048040631e-01
1.883847868930e+00
1.899660353099e+00
3.741128594562e+00
2.799810641335e+00
3.975166282026e-03
7.968871218164e-01
6.545632930591e-01
-4.824171515353e+00
-1.920660365766e+00
-4.645060288543e+00
-3.614482683266e+00
-9.230465072813e-01
-1.821454994848e+00
-1.834095007764e+00
-8.473370038526e-01
-1.882906188862e+00
2.558605871527e+00
3.701344604629e+00
1.903711728399e+00
8.459047187197e-03
2.364133799323e-01
-8.775110594249e-01
-8.644012800066e-02
-7.556105080796e-01
9.769549186486e-03
9.262310941138e-01
-9.310663740509e-01
8.247559576441e-01
2.772826221775e+00
3.745389954946e+00
1.050105329469e+00
1.602046629543e+00
1.841778820854e-02
9.168337858865e-01
5.785558934404e-02
-6.866938632895e-02
-8.991123315200e-01
2.251288769809e-03
-4.496404211653e-02
-7.252678679493e-01
2.007944607748e+00
1.921227563131e+00
-1.554481816051e+00
-1.831172897741e+00
-8.490807333860e-01
-9.599573856179e-01
-9.836923653524e-01
-1.695596528771e+00
-9.221551811066e-01
-9.500212967889e-01
2.831074683990e+00
-6.014636129125e-03
-1.783208271502e+00
3.286129093285e-02
2.005671340396e+00
2.751440890718e+00
1.833287442335e+00
1.803739439053e+00
1.160509258977e-02
-9.785124434482e-01
-2.574142427432e+00
-2.626849674213e+00
-2.785593490761e+00
-2.186010474636e+00
-9.903017581008e-01
-9.158128616091e-01
-1.725929804775e+00
-9.488957766127e-01
-1.854439482111e+00
-1.429982416248e-01
8.220569804710e-03
9.318192011125e-01
2.770155801956e+00
2.779289461157e+00
3.745321307186e+00
-1.891223218383e-02
-8.836506458310e-01
-1.002446631400e+00
5.420809365813e-02
6.797596355710e-01
-2.709057898898e+00
-2.755918055361e+00
-2.564612828647e+00
1.881404019976e+00
3.717565334704e+00
-6.602285496728e-02
-1.827358942169e+00
-9.398688439879e-01
-2.676834937173e+00
-1.331129566997e-02
9.080805031002e-01
8.583771582504e-01
2.593493071307e-02
1.397519713243e+00
-1.833393796583e+00
2.654449247794e+00
2.810384935841e+00
-1.800110917263e-02
-9.456768622030e-01
-1.809377798675e+00
-2.610573605373e+00
4.855648316696e-02
9.221409054000e-01
-1.682581814509e+00
-7.760096174842e-01
9.553946013872e-01
-9.214395153377e-01
-9.473489833266e-01
-9.787487911655e-01
1.007978943711e-01
1.856667823580e+00
1.898953127656e+00
9.148661278697e-01
1.220218447901e-02
1.306565600541e-03
-9.333699126097e-01
1.791064634549e+00
2.651333349289e+00
-8.813979151421e-01
-9.579893873660e-01
8.878855131245e-01
9.151745330314e-01
8.796638973874e-01
1.477054777881e-02
-2.777829951659e+00
-4.610538278389e+00
-1.844027121819e+00
-2.241968174609e-02
9.454830202080e-01
7.897463615757e-01
2.718073887747e+00
1.496359091931e-02
9.119747494493e-01
-7.678212958000e-01
9.312887467552e-01
-1.805494387872e+00
9.338667165513e-01
-1.006306052328e+00
1.503264788501e-02
2.566467464151e+00
5.109456882902e-02
9.489987859212e-01
9.265314305984e-01
-1.824024486016e+00
-1.753950016507e+00
1.391976403945e+00
1.830145940678e+00
1.818646860291e+00
9.460087070443e-01
9.229014976674e-01
1.816365892468e+00
-8.713638056469e-01
-4.238043161038e-01
2.662550072880e+00
2.624349119214e+00
1.877216051736e+00
9.599894246134e-01
1.870046422848e+00
1.906124023873e+00
1.876994133485e+00
-8.815825047661e-01
-7.860086139855e-01
7.233927169030e-03
-7.803924132606e-01
9.402946233009e-01
9.116197646528e-01
-8.936097252206e-01
-2.635913366513e-02
-2.847946380463e+00
-2.656277584945e+00
9.636142043105e-01
-1.000465337343e+00
9.417022315321e-01
-4.982100831741e-01
-1.270479778207e-02
1.855734082545e+00
2.811746570293e+00
6.670882450493e-02
4.376767901792e-02
-3.667246745912e+00
-1.785979342383e+00
-2.765970484195e+00
-1.753753069446e+00
-1.870023488114e+00
-1.866293231074e+00
-1.861223539911e+00
-9.541064436156e-01
-1.822320518791e+00
-2.832147469022e+00
-8.600232405461e-02
-1.924612104017e+00
-3.708512619502e+00
-1.345802238356e+00
6.795040448896e-01
-5.907402790279e-02
-1.692872497984e+00
-8.906492487257e-01
-8.829235169774e-01
9.201392660319e-01
1.860509688850e+00
1.871714188752e+00
9.207274674408e-01
2.689389133430e+00
-1.920974934227e+00
9.782375752987e-03
9.291312714783e-01
1.722367220815e+00
8.833080002779e-01
2.692970579899e+00
9.217935783097e-01
-2.730033477894e+00
-1.877935122146e+00
5.031909364817e-03
7.858501509895e-01
2.759452793593e+00
-9.095984118944e-01
9.086461106254e-01
1.129587112115e+00
9.870502216377e-01
1.602585177219e+00
9.461597880312e-01
1.855626232264e+00
1.736095253745e+00
1.019536674479e-01
-2.542830006578e-03
-1.865890065344e+00
-9.065077316239e-01
1.830115284075e+00
-5.317239010227e-02
-1.145064342951e+00
-1.855226212974e+00
-2.084507870909e-03
1.347021248581e-01
8.857757392388e-01
9.348897898491e-01
9.399331135623e-01
-1.001293023323e+00
-2.855828956860e+00
-9.274422014002e-01
9.232062897963e-01
9.919949562751e-01
8.800573752257e-01
1.795056219366e-01
-1.299539582391e-02
-9.132138305983e-01
-1.879013954877e+00
-1.264570710567e-02
2.731468365650e+00
2.852373113912e+00
2.065711661032e+00
1.866789796168e+00
2.634223411234e+00
3.688470470646e+00
3.750361706892e+00
1.835691903900e+00
9.714114152929e-01
-9.512933183185e-01
-9.198895190136e-01
1.783491413690e+00
1.889105211247e+00
3.584799508052e+00
1.748218816189e+00
1.015925665815e-01
-1.869274581850e+00
-2.741902841826e+00
-5.735793733943e-01
-1.860026777581e+00
9.219819774546e-02
3.584552149513e+00
1.522120613700e-02
6.195293019003e-01
4.729033505944e-02
-9.220910264948e-01
-8.807135758945e-01
-8.574906159241e-01
-1.886043218512e+00
-5.325651813342e-03
-1.861693520216e+00
-2.505054919589e-02
-1.903472507107e+00
-2.772152092460e+00
-9.637819362478e-01
1.829976673392e+00
2.600581985165e+00
-9.003858237107e-01
2.118024933551e-02
3.104382574943e-02
2.776830523897e-01
-8.215760242112e-01
1.862837345791e+00
9.116367142911e-01
9.768746457360e-01
1.843921166601e+00
9.454451866580e-01
9.155512488543e-01
1.831575085522e+00
1.888721230640e+00
3.677613404008e+00
1.524373002366e-01
-8.917057104747e-01
-1.017759069346e+00
8.957154555474e-01
1.466353586793e-03
-9.005710341220e-03
1.856905170171e+00
3.494345341669e+00
8.997459438403e-01
-4.756011849044e-04
9.413777775162e-01
9.564521887147e-01
1.425812587600e-02
2.234439738504e+00
-5.671846726929e-03
-1.827802249503e+00
8.958372207371e-01
2.713860601716e+00
-5.169275383699e-01
1.758009256376e+00
5.575626856409e-02
1.866807778382e+00
1.859288029344e+00
9.276131981741e-01
-3.771687074026e+00
-1.923548927463e+00
-8.924334086850e-01
9.548380054914e-01
-4.228043879283e-02
1.828287854102e+00
9.069794995647e-01
2.163164390454e+00
1.866962683125e+00
1.477525190320e+00
-8.230564539393e-01
-1.798928653572e+00
9.747386111813e-01
1.851940115125e+00
3.622202888308e+00
4.468881446420e+00
1.878718279406e+00
8.742853589616e-01
1.812429175369e+00
1.841449065018e+00
1.754011163783e+00
1.903810185711e+00
2.835325219383e+00
9.910381148364e-01
-1.911578752962e+00
-1.867638257371e+00
-2.376838382669e+00
1.796784502471e+00
9.729910730684e-01
-6.307938462450e-02
8.344951016373e-01
-8.391551532769e-01
8.700162998774e-01
1.885709398802e+00
1.878731801689e+00
-1.744918775764e+00
-3.702560872572e+00
-2.608394035611e+00
-8.893325227878e-01
9.224001085748e-01
1.870678298897e+00
9.923694848791e-01
3.766603488075e+00
1.878949592598e+00
1.889392471414e+00
1.827196008087e+00
1.334486726730e-01
-9.202221550415e-01
-3.733259029268e+00
-4.371624346186e-02
-9.445734666802e-01
-2.729854355666e+00
-8.831010548917e-01
2.698510835932e+00
7.991562965549e-01
8.174683794283e-01
8.690300252992e-01
-9.931419985629e-01
-8.934598035231e-01
1.081903170148e+00
-1.322541075655e-02
9.781878224868e-01
9.146936138574e-01
-1.905202338442e+00
-1.889880913004e+00
-1.978359354667e+00
-2.630304768334e+00
1.542057286126e-02
6.153442696143e-01
2.575551829089e-02
-5.344867719003e-05
1.770603412387e+00
2.810170145847e+00
3.700899583315e+00
9.451938142808e-01
-1.879265650671e+00
-1.876759059250e+00
-9.058609185596e-01
-8.021362254205e-01
-8.847711894433e-01
9.469068105814e-01
2.709667015984e+00
2.194655688197e-01
-7.623791773350e-02
-8.551256741503e-01
-9.174789051549e-01
-1.859713798098e+00
-1.037493319834e+00
2.730483601677e-02
-9.123214533563e-01
-9.182833088287e-01
1.841242758343e+00
-3.637317613220e-02
1.853134573180e+00
-9.386179193579e-01
9.586074621872e-01
-9.953872198289e-01
8.729129189906e-03
-8.970347143550e-01
8.855363516945e-01
-8.669992003365e-01
-1.349555130601e-01
-9.241298614135e-01
1.696443226671e+00
-8.112847715392e-01
-9.940461964439e-01
2.701561887703e+00
2.802078771176e+00
3.692425351046e+00
2.762153434819e+00
9.751147647944e-01
9.544972945563e-01
1.870153657745e+00
-4.111064508756e-02
-5.771113368852e-01
-9.749396260866e-01
-1.879942017108e+00
-1.889129498435e+00
1.022457986318e+00
9.064722509639e-01
1.848380380901e+00
6.902956477538e-02
-9.203276995607e-01
2.648944070057e-02
-8.774842432146e-01
-1.847886010524e+00
-1.730628828525e+00
-1.768611775757e+00
5.752702901703e-01
1.069302941277e+00
-3.098971299621e-02
-1.869156349357e+00
-2.831853476240e+00
7.166630547387e-02
2.898686253707e-02
-8.936030963069e-01
-1.870934174601e+00
1.729266469481e+00
-9.888247762634e-01
-9.182971079677e-01
1.860079406773e+00
1.842144913271e+00
4.785567187286e-02
5.007140508681e-03
-2.739227845463e+00
-9.398745354640e-01
-8.996137702015e-01
-9.376411267846e-02
1.018252790460e+00
1.495247106966e-03
-5.128445478909e-02
-3.793195025126e+00
-3.598745748517e+00
-1.763781970541e+00
-1.735045925228e+00
-1.725828690105e+00
-3.472777644446e-02
-1.708905072836e-02
-9.655891477960e-01
-2.863620327906e+00
-1.962340815220e+00
-1.010955651424e+00
-1.878174810250e+00
1.015962989695e+00
9.035612972950e-01
-2.798782635147e+00
-9.236739110092e-01
-2.792999963858e+00
-1.873958085705e+00
-1.816615074637e+00
-1.589066066649e-02
-3.832642197499e-02
-9.701106274328e-01
8.299478995001e-02
-1.080653181657e+00
-1.502301591448e-01
-1.841319985353e+00
-1.936315501524e+00
1.817787862474e+00
1.398100330883e+00
1.826443084278e+00
1.557391837441e+00
1.849627516697e+00
9.193036670962e-01
2.759302993510e+00
1.196526254224e-01
-8.095535253214e-01
-1.883629400671e+00
-1.003577076037e+00
-2.715619026641e+00
-9.414962739364e-01
1.903538163172e+00
3.812765102055e-02
2.769898700926e+00
3.516982538470e+00
2.758984296493e+00
2.821652248187e+00
9.582137719418e-01
8.471828474137e-01
-8.873746881893e-01
-6.890747035316e-03
7.660120304380e-01
-4.451645559235e-01
5.778809965293e-01
-2.795056595025e-01
-3.311689453124e+00
-9.516897567470e-01
-2.115885471256e-02
1.816048544586e+00
6.815880347155e-02
6.107036330301e-03
1.278500085301e-02
4.730224309256e-03
9.483867245848e-01
-1.818589915619e+00
-9.288822356033e-01
-1.843356415447e+00
-3.648293319191e+00
-7.782947617570e-01
1.791856016483e+00
9.291054935273e-01
1.822548479518e+00
2.670962900318e+00
8.755300826511e-01
-7.669369081962e-02
-9.479277118725e-01
1.842737505445e+00
3.611007380160e+00
1.970441255283e+00
2.761111105115e+00
1.802051892536e+00
2.060082831263e-02
9.135945840326e-01
1.918149734083e+00
1.916368982955e+00
2.130669584787e+00
1.829508522906e+00
8.253585243138e-02
9.259814254895e-01
1.820662575483e+00
1.932591450401e+00
-9.476811835586e-01
1.901460315408e+00
-8.606943219350e-01
-9.935424035621e-01
-8.496692538982e-02
1.464382881012e-02
-9.506047490299e-01
-1.134226321448e-02
1.796523501730e+00
-1.039478932011e+00
2.688592278058e-01
-2.992794403693e-02
-1.860677121314e+00
-9.386482821359e-01
1.818358772122e+00
1.880525589264e+00
-9.750913716478e-01
8.925862047296e-01
-8.809891718250e-01
-1.964702852761e+00
-2.785080269640e+00
-2.803074392863e+00
-3.473953484651e+00
5.255756384821e-02
-9.591536580722e-01
8.946520426788e-01
3.179500989496e-03
9.790471692714e-01
2.780034576994e+00
3.730974476771e+00
1.561662396728e+00
2.859817958934e-01
-9.557896621355e-02
-9.318040108042e-01
-1.897099810121e+00
-9.207013635816e-01
-1.704680633670e+00
4.646159930065e-02
1.755137313757e-02
-1.855909389162e+00
7.002280211242e-02
9.070982362209e-01
1.709596645396e+00
2.681078946224e-02
-9.483250195744e-01
9.283168027504e-01
1.853521404378e+00
1.884105033382e+00
4.927713015091e-02
1.885380824512e+00
-1.268274646163e+00
-2.703310716566e+00
-1.902671518572e+00
-9.761575170536e-01
1.942658241466e+00
-3.694964239815e-01
9.816034323702e-01
9.492827685135e-01
-9.065141440273e-03
9.006864677633e-01
3.221645105605e-03
1.937685865958e+00
2.733387266073e+00
-1.881970269392e+00
-1.921963729440e+00
-2.770258922072e+00
-3.733576405202e+00
-1.865789313564e+00
-2.765304468608e+00
-1.768773660579e+00
-1.890240258162e+00
-9.304924144907e-01
2.351037914050e-02
9.361244883005e-01
1.890992010333e+00
1.775414275590e+00
3.266646621739e-02
-3.752355059580e-02
1.851705893646e+00
3.554956104576e+00
1.793572937171e+00
-9.135722393673e-04
-5.120566532365e-03
9.186903925891e-01
5.713858723298e-01
-9.019685769459e-01
3.673115353621e+00
1.786285494606e+00
-9.461981344692e-02
-9.704499685462e-01
-9.649683604675e-01
2.885524675623e-02
-1.651106659843e+00
1.074958772809e+00
-9.684587263598e-01
-8.918410391520e-01
7.301756019907e-01
8.116832464989e-01
7.518040978846e-01
-1.591274272606e-02
-2.703924845949e+00
-1.848000606502e+00
-5.394662984944e-03
4.700749779420e-02
-8.276848357392e-03
-1.888035244641e+00
-9.144504298274e-01
-1.851308799182e+00
-1.356099183078e-01
-1.014456770130e+00
-8.660223475921e-01
8.812819941339e-02
9.753335664728e-01
9.045210717658e-01
-1.893928482473e-02
2.537745545764e-02
7.625343047614e-02
9.739718167460e-01
2.778113603332e+00
3.735942376278e+00
1.811144363378e+00
6.961791719574e-02
1.832165753266e+00
-8.160617265848e-01
9.397594352942e-01
-1.049083154839e+00
-1.818072233191e+00
-1.867441732913e+00
-2.478946739821e-02
-4.221773630001e-02
7.338758325232e-03
-9.109912185266e-01
8.240418151491e-01
1.790111184526e+00
1.745040870271e+00
-8.756382745344e-01
-1.867322065448e+00
-9.819170613972e-01
-9.311619892443e-01
-8.758778813695e-01
1.870645950377e+00
-1.782418134651e+00
-3.786536359838e-02
-8.610413360381e-01
-9.532804367582e-01
1.969872443894e+00
1.789537697854e+00
8.575247903749e-01
-2.732738591378e+00
-6.895657164160e-01
3.671314690881e-02
-9.299593060901e-01
-4.509189233131e-02
1.650585022404e-02
2.785064064695e+00
1.860203673905e+00
9.348146049927e-01
-1.863406657100e+00
-9.191103028454e-01
1.897205417588e+00
4.457846321410e+00
4.681064523189e+00
1.795988774930e+00
-9.007899736873e-01
-1.886367115485e+00
-1.921531562663e+00
-2.923350800997e-02
-9.207147904675e-01
-2.494277981898e-04
1.806944783927e+00
1.104737855941e+00
1.852768870985e+00
-9.301593310993e-01
9.106440031261e-01
-8.569934279048e-01
7.430246499310e-02
4.563032424888e+00
2.888226493487e+00
3.494456938971e+00
8.837898116520e-01
-1.045163539519e+00
-2.831694290858e+00
-7.856215201807e-02
-4.277979243206e-01
-9.521768591461e-01
9.021070764082e-01
9.679571413954e-01
9.656100458961e-01
-8.769790732487e-01
-1.802296879103e+00
-2.804711562237e+00
-1.897651011418e+00
-2.771386269561e+00
-1.861930251621e+00
-9.376486857250e-01
-5.854176191633e-03
3.629805819070e+00
3.610553893842e+00
3.697574651331e+00
1.719233262472e+00
-2.664302602276e+00
-3.647359504910e+00
9.278415687599e-01
2.690900940896e+00
-9.711815396265e-01
9.472568089552e-01
2.714159307327e+00
1.739491612592e+00
-1.851814053494e+00
-1.338216649164e+00
-9.433385992162e-01
8.715094823429e-01
-1.859853741104e+00
2.272892539191e-03
-4.777892356897e-02
1.816789873502e+00
8.261055805838e-01
1.889934593353e+00
1.900864553904e+00
2.808514308059e+00
3.754940556357e+00
1.093647777702e+00
9.620060310747e-01
-8.641271971248e-01
1.752077882042e+00
-1.037414096338e+00
-1.797422942311e+00
-9.392837035053e-01
7.797759459047e-01
9.240954729370e-01
1.867181394050e+00
8.467261521824e-01
-8.692514137428e-01
9.389793816226e-01
-8.940584155561e-01
3.613346596551e+00
2.728237157699e+00
