4.035182352116e+00
2.613136499582e-03
2.228683528430e-01
1.745679920525e+00
6.105233652087e-01
-8.714485558249e-01
-7.921986524523e-01
2.721956857476e+00
1.862713538167e+00
7.815975246106e-01
-1.733386310882e+00
-7.795804694657e-01
5.312320279216e-02
-9.855379355661e-01
9.250895831364e-01
8.123685974504e-01
-2.666495476572e-02
9.970669858619e-01
4.462420369806e+00
1.877506660099e+00
1.856223108686e+00
9.130650505645e-01
-2.998825699264e-02
-2.544143768662e+00
9.539436015289e-01
2.515113904552e+00
3.223539676216e-02
-1.764824578422e+00
-9.298223875609e-01
-1.799939522198e+00
-1.970866851857e-01
-1.903093661452e+00
-9.217206003298e-01
-2.778697091186e+00
-1.786910591439e+00
-8.125932224423e-01
-1.853920689813e+00
-2.721408469792e+00
-1.813793465688e-02
-1.930427590223e-03
-9.133407449781e-01
-1.899087109581e-02
-3.764252825681e+00
-8.734626252478e-01
3.262448148538e-02
-1.869338821043e-02
2.637020437495e+00
9.644203051216e-02
4.059130049549e-03
8.836530220351e-01
-1.850685472205e+00
-9.136940848870e-01
-9.447247270810e-01
-9.499337485418e-01
-9.406906022885e-01
9.017557905367e-01
1.836751625534e+00
-8.746313039206e-03
8.712007737331e-01
-8.301387971444e-01
9.318749471762e-03
-1.939749990715e+00
-1.924268836995e+00
-1.900236911589e-02
1.810810509705e+00
1.897755549751e+00
3.715338823193e+00
3.723742826189e+00
-9.386045707320e-01
8.700934098628e-01
-5.269801746968e-02
-2.768316310480e+00
-1.846515668665e+00
-7.839967028578e-01
-1.883505165672e+00
-1.030565994260e+00
1.099360202830e+00
5.944962808910e-02
9.090607633259e-01
-9.556563579570e-01
-2.776531855266e+00
-6.656357045187e-02
8.748751913055e-01
-8.314309494892e-03
-7.254035026305e-01
-1.865711967758e+00
-1.679135267617e+00
-7.637627330827e-01
-8.420531708572e-01
4.315727104713e-01
-4.099839576134e-02
2.774303981849e+00
2.829267624602e+00
1.808879321062e+00
-9.298297267920e-01
-2.728716742409e-02
1.776554974797e+00
-8.573129568114e-01
-1.852708799255e+00
9.604565430948e-01
1.091559560656e-02
1.680821382416e+00
1.009303707762e+00
-8.213444348492e-01
2.788743655299e-02
8.375337948914e-01
1.849343237160e+00
1.817708026384e+00
9.781055848530e-01
-9.741692885253e-01
-1.866808481609e+00
-1.886472054471e+00
-3.729706422233e+00
8.506921133168e-01
-9.441671597128e-01
-1.527001051172e+00
-9.376085295379e-01
2.241735452313e-03
-5.679180965883e-02
8.700503566435e-01
-8.046414560428e-01
-3.392811279584e+00
-2.058562468208e-02
-1.362181392287e-01
-2.773853890808e+00
-4.543263012945e+00
-2.709823607430e+00
-2.786898409762e+00
1.776700129758e+00
1.527471851342e-01
-9.013102121557e-01
2.775386453294e+00
2.785073736595e+00
1.908105182774e+00
2.639528479708e-02
2.694637494555e+00
-8.914184257574e-01
8.740385624913e-02
-8.810960595944e-01
-1.718449082712e+00
8.223013033391e-02
4.341390377238e-02
9.401965346991e-01
1.872358279970e+00
1.800416940936e+00
1.692402885368e+00
-8.723783643299e-01
-9.423654649305e-01
3.580539607298e+00
2.781576121380e+00
-8.688393362391e-01
-4.149494059264e-02
1.772670082642e+00
9.009324079641e-01
8.829349779075e-01
2.407237543617e-03
1.865862075315e+00
-1.783949299680e+00
8.148180181810e-02
-9.656442421103e-01
9.462988882241e-03
-3.026458227943e-02
2.809241033133e+00
3.626050743829e+00
-9.488387440417e-01
-2.775072821455e+00
-2.722350521056e+00
-9.203976447644e-01
-2.501014303478e+00
-9.102614527904e-01
9.569805553814e-01
-2.374846299057e-01
-6.127877054980e-01
2.317537177855e-03
1.096496478279e+00
-1.850584821105e+00
8.935433148259e-01
2.909796987225e-02
-8.840502662649e-02
-5.770661874154e-02
8.708091986176e-01
1.881586448236e+00
1.891764566243e+00
3.720085879018e+00
2.790972915861e+00
7.811842401612e-03
7.976399811614e-01
6.369637871027e-01
-4.969312060109e+00
-1.902978466580e+00
-4.620823909169e+00
-3.632240183900e+00
-9.152579199267e-01
-1.809015804495e+00
-1.823434464770e+00
-8.362059272081e-01
-1.881791563423e+00
2.559371839794e+00
3.681901395395e+00
1.898133536340e+00
1.064107094181e-02
4.265673472600e-01
-8.637966565312e-01
-2.519233122001e-01
-6.993604527844e-01
6.808619318757e-03
9.229736102081e-01
-9.225105529022e-01
8.168767191561e-01
2.757011743376e+00
3.738879502281e+00
1.296331404695e+00
1.617508961531e+00
2.810210309909e-02
9.157201415253e-01
6.422963612080e-02
-8.921921406838e-02
-8.910743870833e-01
-5.913213905007e-02
-5.948454737499e-02
-7.113797240981e-01
1.997860635440e+00
1.918687493471e+00
-1.550265169678e+00
-1.822950150096e+00
-8.578223769731e-01
-9.539213768665e-01
-9.786399227518e-01
-1.695286689977e+00
-8.852905176785e-01
-9.424236683442e-01
2.822919768215e+00
-5.297413883538e-03
-1.782959481324e+00
3.526971214812e-02
1.999072237718e+00
2.732733682608e+00
1.820675524743e+00
1.792200109400e+00
1.242816432517e-02
-9.770963948648e-01
-2.571162690114e+00
-2.602419494723e+00
-2.772069511775e+00
-2.149781692385e+00
-9.905684398754e-01
-9.111330788238e-01
-1.727429417683e+00
-9.848441759706e-01
-1.843912900912e+00
-1.492466921219e-01
9.196064291953e-04
9.263826314642e-01
2.758660975982e+00
2.769165251035e+00
3.716968277553e+00
-1.912248596014e-02
-8.829755657074e-01
-1.006938855930e+00
6.483580095087e-02
6.748757422744e-01
-2.695931645810e+00
-2.741843701072e+00
-2.561787014095e+00
1.865619075241e+00
3.695176179135e+00
-6.820454984787e-02
-1.823180098683e+00
-9.373046860174e-01
-2.662392415345e+00
-1.503852992146e-02
8.984471545967e-01
8.510033961465e-01
3.117086858995e-02
1.517853308430e+00
-1.814386403226e+00
2.643620583975e+00
2.798730572557e+00
-1.704342834416e-02
-9.523365989000e-01
-1.795264246397e+00
-2.587245017665e+00
4.847160755097e-02
9.130934470961e-01
-1.673500982538e+00
-7.507355845419e-01
9.539701881183e-01
-9.211888094700e-01
-9.444392373297e-01
-9.750867181273e-01
9.535678558131e-02
1.854548637489e+00
1.894508019536e+00
9.079580497676e-01
1.375135639096e-02
1.099816543795e-03
-9.314871697835e-01
1.780785973236e+00
2.637245268323e+00
-8.765498285859e-01
-9.544224612771e-01
8.821714586976e-01
9.029171640026e-01
8.731231137272e-01
1.421085535541e-02
-2.764200972631e+00
-4.592905957303e+00
-1.838011052840e+00
-2.720532558842e-02
9.418887373689e-01
7.863776204393e-01
2.702399067727e+00
1.527369599763e-02
9.001664014029e-01
-7.647097455009e-01
9.232163425260e-01
-1.786049636654e+00
9.310500128251e-01
-1.013312165842e+00
1.373321694077e-02
2.533280298380e+00
7.270223907142e-02
9.441757570085e-01
9.195483904028e-01
-1.816720629138e+00
-1.751469343192e+00
1.283769074993e+00
1.818170909267e+00
1.805092847767e+00
9.467978662564e-01
9.153062580463e-01
1.801026057659e+00
-8.623368006882e-01
-3.455594081872e-01
2.360868140224e+00
2.601922112134e+00
1.871206127391e+00
9.578656500209e-01
1.867841959909e+00
1.896851357656e+00
1.887197899894e+00
-8.710043381370e-01
-7.675946656913e-01
7.657136975340e-03
-7.533044653945e-01
9.377084110560e-01
9.059810602782e-01
-8.963944685376e-01
-3.450719931818e-02
-2.844367580338e+00
-2.648396574704e+00
9.544256981812e-01
-1.008564300623e+00
9.398154349239e-01
-3.253042463581e-01
-9.739042600159e-03
1.850729544644e+00
2.795322486634e+00
6.617671522873e-02
4.142087223564e-02
-3.641048225784e+00
-1.776028300236e+00
-2.756061239826e+00
-1.727918750887e+00
-1.863065184420e+00
-1.865524761914e+00
-1.854716134720e+00
-9.456332513822e-01
-1.818187709517e+00
-3.023288055995e+00
-8.943201090454e-02
-1.919525894585e+00
-3.699121976505e+00
-1.268656227367e+00
6.750153957132e-01
-7.858428055168e-02
-1.681858533261e+00
-8.811321974012e-01
-8.788032339270e-01
9.087943865763e-01
1.850296532888e+00
1.857759237877e+00
9.154610759234e-01
2.679329944515e+00
-1.914136934169e+00
8.580965437536e-03
9.239375241276e-01
1.513659911847e+00
8.768313771462e-01
2.677447426407e+00
9.224777693203e-01
-2.708038948500e+00
-1.888850320017e+00
8.730732188492e-03
7.750552477448e-01
2.743956528327e+00
-9.029554748438e-01
8.998483387235e-01
1.112275953549e+00
9.851571307809e-01
1.588781134085e+00
9.461087622329e-01
1.801094311892e+00
1.713097852838e+00
1.096966632497e-01
3.192927583745e-03
-1.852802356736e+00
-8.975935740234e-01
1.823346667950e+00
-4.279079370629e-02
-1.141996148322e+00
-1.847887295342e+00
-7.570498556417e-03
1.357032950009e-01
8.811045578491e-01
9.344529848907e-01
9.428391801400e-01
-1.000179963238e+00
-2.843997500148e+00
-9.241954634645e-01
9.185099862055e-01
9.951480800602e-01
8.748633650443e-01
1.693536062799e-01
-1.250539899637e-02
-9.090070438534e-01
-1.869570498059e+00
-1.735222249670e-02
2.726410677996e+00
2.846499103257e+00
2.026978796015e+00
1.856546123271e+00
2.613108029195e+00
3.668982095911e+00
3.821368046611e+00
1.827028718901e+00
9.853271129137e-01
-9.479855021360e-01
-9.135732332630e-01
1.778911054599e+00
1.881660625440e+00
3.560155799861e+00
1.739771571492e+00
1.100537906502e-01
-1.861016626054e+00
-2.722343235188e+00
-6.011483158989e-01
-1.850486067851e+00
9.786517912998e-02
3.552612823618e+00
1.313410778967e-02
6.575020880699e-01
4.446408744324e-02
-9.171167980617e-01
-8.661802182583e-01
-8.512544111273e-01
-1.880202968156e+00
7.164224775133e-04
-1.848485568700e+00
-2.045400468167e-02
-1.897326738498e+00
-2.757003985006e+00
-9.594408935545e-01
1.822695387416e+00
2.571440150604e+00
-9.095264955228e-01
2.613620331708e-02
4.016956364845e-02
2.630843832274e-01
-8.147203303952e-01
1.858516543551e+00
9.052807574193e-01
9.726869405893e-01
1.833058359441e+00
9.435114075134e-01
9.183100951831e-01
1.812016984523e+00
1.883323102141e+00
3.657258654925e+00
1.700059932027e-01
-8.843522408969e-01
-1.011134026527e+00
8.882398489333e-01
4.975279857631e-03
-7.682258503310e-03
1.841490714533e+00
3.397075097519e+00
8.995154442363e-01
1.267531570159e-03
9.377024113557e-01
9.525288293208e-01
1.509874937223e-02
2.252449061675e+00
-4.460909873956e-03
-1.814716052951e+00
8.961111247749e-01
2.702800551214e+00
-5.652193902849e-01
1.740205333143e+00
5.644626038333e-02
1.855836900635e+00
1.850060493368e+00
9.262431661323e-01
-3.755041799262e+00
-1.928025486913e+00
-8.842174133828e-01
9.502149139952e-01
-4.145223195990e-02
1.817086563317e+00
8.979535554032e-01
2.293192384412e+00
1.865996117064e+00
1.498640808294e+00
-8.205253428480e-01
-1.785614310224e+00
9.745405672179e-01
1.818648751546e+00
3.601865597696e+00
4.446075290078e+00
1.883244891484e+00
6.098424984112e-01
1.792645235671e+00
1.830658782855e+00
1.742450220764e+00
1.895449732527e+00
2.822007179614e+00
9.869693749545e-01
-1.907896527848e+00
-1.861393654920e+00
-2.210235425265e+00
1.793395591285e+00
9.614934199135e-01
-8.151804229169e-02
8.357927729920e-01
-8.372876480635e-01
8.563607866032e-01
1.872217118612e+00
1.868686973122e+00
-1.743926074457e+00
-3.682756610507e+00
-2.598319885316e+00
-8.841440215522e-01
9.226233214740e-01
1.856707104617e+00
9.872699738433e-01
3.754141605201e+00
1.870061853922e+00
1.886940762254e+00
1.812468888045e+00
1.316149448392e-01
-9.109158361519e-01
-3.719821607210e+00
-5.680429710639e-02
-9.416754983800e-01
-2.726213356398e+00
-8.776467250610e-01
2.680047110050e+00
7.988438670421e-01
8.060459785186e-01
8.639195060032e-01
-1.015154169060e+00
-8.868289339353e-01
1.083893808659e+00
-1.334460887103e-03
9.813982891824e-01
9.077264117466e-01
-1.894713114064e+00
-1.880231240135e+00
-1.956656145162e+00
-2.606119606116e+00
1.291963143397e-02
7.615730425302e-01
3.359547433358e-02
2.393168480292e-04
1.757023005782e+00
2.792348461041e+00
3.681902687419e+00
9.372567623338e-01
-1.870524703742e+00
-1.869690770814e+00
-8.969381729964e-01
-7.871696757827e-01
-8.799212112809e-01
9.419612055068e-01
2.699493706923e+00
2.327217396054e-01
-8.087183314268e-02
-8.430230643013e-01
-1.129527796482e+00
-1.849679755159e+00
-1.046331441469e+00
2.418674248919e-02
-9.067564199338e-01
-9.162491646566e-01
1.829065585440e+00
-3.830161283321e-02
1.838258163220e+00
-9.371018351369e-01
9.600526734179e-01
-9.855337460792e-01
-1.257748509946e-02
-8.671018854777e-01
8.827388483182e-01
-8.578248995622e-01
-1.338629379901e-01
-9.178162557435e-01
1.684967706429e+00
-8.009970117387e-01
-9.906558232256e-01
2.688186014743e+00
2.789845356430e+00
3.692567252970e+00
2.755871374114e+00
9.761627669852e-01
9.526775171838e-01
1.864957446860e+00
-4.124415612833e-02
-6.070949020023e-01
-9.773511137325e-01
-1.869759015341e+00
-1.820717929057e+00
1.024516929545e+00
8.975248968797e-01
1.837101955825e+00
7.557569919287e-02
-9.129113279943e-01
2.780496625221e-02
-8.716253300570e-01
-1.846541268192e+00
-1.718696720422e+00
-1.758349032621e+00
4.612717647714e-01
1.320211678897e+00
-3.355922795801e-02
-1.867699267907e+00
-2.819221108095e+00
7.304424077590e-02
2.921490565717e-02
-8.871356345667e-01
-1.867181066440e+00
1.720067355437e+00
-9.824452589858e-01
-9.116108309503e-01
1.857753600090e+00
1.836603539663e+00
5.379747783858e-02
6.546950191261e-03
-2.728212838549e+00
-9.344594238306e-01
-8.957468955875e-01
-9.760759646964e-02
1.021371444263e+00
2.859162025888e-03
-5.779410676151e-02
-3.777637980583e+00
-3.450132718409e+00
-1.756932267704e+00
-1.727678421014e+00
-1.714030712784e+00
-4.032529363602e-02
-2.222398685203e-02
-9.602564631484e-01
-2.854510443781e+00
-1.969681043984e+00
-1.020956470733e+00
-1.871296095710e+00
1.016531994005e+00
9.026260106951e-01
-2.790133262491e+00
-9.248097187332e-01
-2.781270960999e+00
-1.866774194249e+00
-1.809635044015e+00
-1.614403191910e-02
-3.825940221110e-02
-9.638402385850e-01
8.506100769419e-02
-1.081872355613e+00
-1.708805903744e-01
-1.830319408572e+00
-1.925958844786e+00
1.640267935246e+00
1.369826450853e+00
1.806447519784e+00
1.577499376382e+00
1.835781480342e+00
9.098508977336e-01
2.747239030473e+00
1.349444065528e-01
-7.943387307979e-01
-1.876705522372e+00
-9.999658620634e-01
-2.713032452373e+00
-9.351578414568e-01
1.902497780240e+00
3.159429146279e-02
2.755129986822e+00
3.492431744222e+00
2.743055104309e+00
2.809795167358e+00
9.587361475048e-01
8.252709434688e-01
-8.832944692942e-01
-5.797387571800e-03
7.771995932294e-01
-3.823842280801e-01
6.279632975689e-01
-2.568537158649e-01
-3.376260424898e+00
-9.517294045843e-01
-2.001389129179e-02
1.792384466349e+00
6.420369633048e-02
7.917508085922e-03
9.681174274175e-03
4.048416398078e-03
9.534224228848e-01
-1.806914736323e+00
-9.270810902809e-01
-1.832704557748e+00
-3.629100819333e+00
-7.777204590269e-01
1.785542975909e+00
9.213297558913e-01
1.815436991839e+00
2.634540195686e+00
8.755247712959e-01
-7.980995428223e-02
-9.426192236050e-01
1.832837079832e+00
3.589744551856e+00
1.976101694446e+00
2.747141366377e+00
1.787634147831e+00
2.177110925315e-02
9.178689185740e-01
1.919176673021e+00
1.896947909087e+00
2.118337877851e+00
1.818175188375e+00
7.596439250410e-02
9.247337994549e-01
1.810497173123e+00
1.935431124396e+00
-9.433032940373e-01
1.890421832955e+00
-8.516414027735e-01
-9.943111655957e-01
-8.484187482896e-02
1.906172027051e-02
-9.460348104631e-01
-1.091125584018e-02
1.779166721009e+00
-1.011488870030e+00
2.583043747350e-01
-4.052324041895e-02
-1.842751269757e+00
-9.346326802520e-01
1.817131943635e+00
1.858207286574e+00
-9.731847962700e-01
8.908032816405e-01
-8.674791478048e-01
-1.947586013968e+00
-2.767020045018e+00
-2.797700279709e+00
-3.447846594409e+00
6.148815841530e-02
-9.542132758378e-01
8.894207569934e-01
1.867489777584e-03
9.820974634162e-01
2.763421251060e+00
3.714397786752e+00
1.561309581465e+00
2.400784711607e-01
-9.421388151039e-02
-9.225581555379e-01
-1.886985778480e+00
-9.162506479892e-01
-1.695318092737e+00
5.201256773208e-02
1.921974299480e-02
-1.847099773134e+00
7.215717438372e-02
9.028737255117e-01
1.704017470500e+00
3.537883396682e-02
-9.436373175743e-01
9.207051106190e-01
1.831589310375e+00
1.879689006485e+00
5.470057176334e-02
1.877554898096e+00
-1.363348558605e+00
-2.689628055183e+00
-2.145547947619e+00
-9.743064305570e-01
1.937848907213e+00
-4.295542023437e-01
9.774519430508e-01
9.419493047797e-01
-9.456801561496e-03
8.866989941913e-01
-1.632728074376e-03
2.008599055070e+00
2.726365975646e+00
-1.874055174398e+00
-1.928988983808e+00
-2.761716513095e+00
-3.719153104362e+00
-1.856286111926e+00
-2.749808979299e+00
-1.757658391416e+00
-1.875113645639e+00
-9.272824018696e-01
3.168873560383e-02
9.288927842295e-01
1.906625134909e+00
1.771005595961e+00
4.524723782572e-02
-3.646835098100e-02
1.841353226141e+00
3.530994873697e+00
1.782991785597e+00
8.906950464500e-04
-4.989826290234e-03
9.096407298564e-01
5.782528373811e-01
-8.967720966183e-01
3.647143839102e+00
1.777958515005e+00
-1.023178936880e-01
-9.701552523906e-01
-9.641869434455e-01
2.781290451452e-02
-1.628932381795e+00
1.064757117425e+00
-9.640197774580e-01
-8.866351555886e-01
7.316747397636e-01
8.081402297244e-01
7.462138625686e-01
-1.726749873718e-02
-2.692055364892e+00
-1.844545644259e+00
-1.712229292627e-03
5.012210666572e-02
-1.838329981260e-02
-1.881407796284e+00
-9.102972387114e-01
-1.842692135996e+00
-1.374154067308e-01
-1.017580166311e+00
-8.433083260107e-01
1.011130158253e-01
9.728624492869e-01
9.039194438951e-01
-2.269015815940e-02
2.681843894368e-02
9.835173411050e-02
9.807063131206e-01
2.768816605500e+00
3.721477853782e+00
1.829787220489e+00
7.644525417474e-02
1.821209650320e+00
-8.040632041986e-01
9.371606336388e-01
-1.046115691533e+00
-1.815839071266e+00
-1.857977400985e+00
-2.699017307300e-02
-4.773204862017e-02
1.024643729177e-02
-9.042956334844e-01
8.206949499089e-01
1.770856480123e+00
1.730631630513e+00
-8.638617335876e-01
-1.863221636578e+00
-9.925576711294e-01
-9.281606176721e-01
-8.618856499968e-01
1.860737982677e+00
-1.765589767581e+00
-4.378354751460e-02
-8.545503014251e-01
-9.583170269334e-01
1.967775357570e+00
1.776280154633e+00
8.412569209931e-01
-2.724685186638e+00
-6.765045981354e-01
3.671255342888e-02
-9.227716835678e-01
-4.868494240479e-02
7.092492924072e-02
2.765208383239e+00
1.855598672795e+00
9.321577036670e-01
-1.852984693657e+00
-9.109945025782e-01
1.896651331675e+00
4.432142486035e+00
4.664297467850e+00
1.780817569578e+00
-8.916011805453e-01
-1.880022746889e+00
-1.906972241699e+00
-2.841533724568e-02
-9.109938238094e-01
6.999248380814e-03
1.794256059892e+00
1.098622660870e+00
1.839740620941e+00
-1.087573505341e+00
8.990831521624e-01
-8.367415411352e-01
8.872019339540e-02
4.609324827981e+00
2.978299767827e+00
3.487680106373e+00
8.772247211687e-01
-1.033034961248e+00
-2.832933395306e+00
-8.106512498370e-02
-5.707034429453e-01
-9.473957371630e-01
7.927577284990e-01
9.702578501332e-01
9.600827164507e-01
-8.701847743481e-01
-1.780746913624e+00
-2.799092271944e+00
-1.893610640539e+00
-2.757839201939e+00
-1.856404716646e+00
-9.363756928126e-01
-1.036159854867e-02
3.618416130699e+00
3.594127525068e+00
3.693392690786e+00
1.700755125922e+00
-2.647574300510e+00
-3.626919545513e+00
9.256015396908e-01
2.670752290208e+00
-1.002898322240e+00
9.433927247917e-01
2.710799794666e+00
1.711839435780e+00
-1.841120141849e+00
-1.386184182463e+00
-9.306225302184e-01
8.603008607487e-01
-1.846698261162e+00
-2.184105265475e-03
-2.041568223188e-01
1.803536048979e+00
8.108843276807e-01
1.882153319944e+00
1.893452490273e+00
2.797856402897e+00
3.745757626647e+00
1.084362437176e+00
9.610148524971e-01
-8.487980684940e-01
1.738706763046e+00
-1.025360307927e+00
-1.787143682358e+00
-9.316448412487e-01
7.742714300199e-01
9.165111098220e-01
1.856500607645e+00
8.331668601242e-01
-8.655038351131e-01
9.352675144828e-01
-7.653501992211e-01
3.592314161474e+00
2.705637610255e+00
