9.311688407445e-01
1.853145907767e+00
9.623684200954e-01
-4.326965659361e-03
-9.663325026164e-01
-1.668051968456e-02
-6.958477990170e-01
-2.782811009904e+00
-1.874959655992e+00
6.990484507754e-02
-8.769989007421e-01
1.850354230109e+00
1.787003247292e+00
-6.717796020255e-03
-9.703731192886e-01
-9.602112420643e-01
-1.883636457112e+00
-1.904678491685e+00
-2.389268303282e-02
1.890881124063e+00
2.904872544927e+00
-1.926448424267e-02
4.633060180469e-02
9.480157803613e-01
1.897185529577e+00
9.884080189567e-01
9.543148288855e-01
9.341622958342e-01
9.490658022729e-01
8.671156394102e-01
-1.913770112331e+00
1.886346729578e+00
9.740594004056e-01
1.898847704352e+00
9.547530420291e-01
2.629863728658e-02
-9.465490646207e-01
-9.574279801942e-01
-9.256564227058e-01
2.283579718909e-02
-9.629272662444e-01
-9.401690055917e-01
-9.158587656139e-01
9.735463234502e-01
9.562550354827e-01
-6.670027229316e-01
-9.536803135897e-03
-6.810758889055e-03
9.017290429284e-01
1.894406919749e+00
1.898467960889e+00
9.954475392828e-01
-4.328035203163e-02
9.546643296092e-03
-9.487046610075e-01
-1.855481193965e+00
-1.902352869107e+00
-9.422233872345e-01
-9.340207825600e-01
1.836409051173e+00
9.376101429914e-01
9.468672849089e-01
9.210151324343e-01
-9.339070473857e-01
-1.137070697885e+00
-9.397833562024e-01
1.089542067293e-02
-1.598949296253e-02
9.747499310818e-01
9.482679762259e-01
-2.426034196820e-01
-6.381841352468e-02
-9.347891764008e-01
-7.455513934536e-02
-9.597710631488e-01
-9.228836389305e-01
-9.591968383582e-01
-6.479711954390e-03
-2.965453857078e-02
8.854219093226e-01
8.968908317462e-01
3.638379468323e+00
-9.485475654694e-01
-2.852719226659e+00
2.756311749921e-02
-1.875373878839e+00
-9.312974927323e-01
-1.011811215032e-02
9.165395992365e-01
9.289137495527e-01
-8.582120054671e-01
7.645942479523e-03
1.836457567995e-02
6.365950713659e-02
-4.692872990319e-02
9.089639576024e-01
-9.587400649677e-01
-3.486029766724e-02
-9.655961297301e-01
-1.032329872147e-01
8.255669524118e-01
-8.296405798790e-03
1.886170069171e+00
2.780556560599e+00
1.910642595342e+00
2.844363083233e+00
-3.559624601754e-03
-2.825361892413e+00
4.414277323209e-04
6.565716527417e-02
9.205315457059e-01
9.557468481575e-01
8.815713442253e-01
1.475079957313e+00
1.859611945982e+00
1.803149723703e+00
-1.496622965448e-03
-1.891274402458e+00
2.593866650406e-02
9.470877564785e-01
1.871222304954e+00
1.904187256085e+00
1.919348116233e+00
1.905363282618e+00
1.019301713520e+00
-1.902489556968e+00
-9.778339608146e-01
5.543950430674e-03
-8.877419777801e-01
-9.479716595252e-01
-1.841759755856e+00
-2.588476297355e+00
-1.908401277840e+00
-9.474106411287e-01
-2.847685210158e+00
-2.812510865636e+00
3.538381764359e-03
1.858167570213e+00
2.815224448176e+00
9.519141023893e-01
-8.960112562358e-01
-2.653538699045e-02
8.958046324380e-01
9.536837260446e-01
4.499327273955e-02
-4.114755470649e-03
-9.596234712385e-01
-2.483629883212e-02
-8.547886363758e-01
-9.376181193006e-01
-2.999304787809e-03
7.521817801243e-04
9.558828312482e-03
-6.194176052764e-02
-8.590756187928e-01
9.934238098185e-03
9.011393589489e-01
9.571926669022e-01
-1.794931946081e+00
9.239397065570e-01
2.572254540372e-02
9.434451684888e-01
8.991769569712e-01
1.905419028279e+00
9.528284646787e-01
9.488493533734e-01
-3.065443600974e-02
-9.268627517104e-01
-3.515559984390e+00
-2.738644399173e+00
-9.542571475009e-01
-9.566427727736e-01
-9.658860062910e-01
-1.865790078215e+00
-9.521167315853e-01
-5.297005335226e-03
9.512496264860e-01
2.480427376341e-02
-8.592491199043e-03
-6.069046749205e-03
-3.942148146399e-03
9.151938276658e-01
1.914526551655e+00
1.870666516952e+00
9.461464949125e-01
-5.825264090883e-02
1.861105350218e+00
9.524556883715e-01
2.354553261178e-02
8.860353132516e-01
4.486675259062e-03
2.354051270141e-02
-6.984536687002e-03
2.499855339530e-02
9.517567859164e-01
-1.098016925287e+00
2.855640601466e-03
-9.344196532570e-01
-1.883291558590e+00
-5.487218118450e-03
-6.850014965554e-03
-9.436696256514e-01
-8.968180760931e-01
9.203026708394e-01
9.759202624354e-01
1.836986079118e+00
9.321272197447e-01
8.392939734431e-01
-7.000511128264e-04
-1.265039106774e-03
-1.442528680653e-02
9.647572511822e-01
1.913783760802e+00
1.855554581879e+00
2.806697723878e+00
1.809599108018e+00
9.664850154149e-01
9.170844627254e-01
2.324334526425e-02
8.676705358103e-01
9.426527326082e-01
-9.113213448605e-01
-1.903776718443e+00
-9.321746521438e-01
3.243622429987e-02
1.467330824641e-02
9.623557787561e-01
9.354459568911e-01
9.538595606720e-01
9.496836047828e-01
9.526205268222e-01
2.822644072329e+00
-1.832433614296e+00
-1.892769611502e+00
-2.689288539792e+00
-3.744276787459e+00
1.587677565217e-02
-8.022848877313e-03
1.553374762084e-02
1.772072920399e-03
9.581677585176e-01
1.263073074954e-02
1.753222630603e-02
-9.588562280883e-01
-9.352346022219e-01
-9.511544661030e-01
1.177664837728e-02
-9.270008910799e-01
-1.232386696663e-01
1.250022108479e-02
9.162460054387e-01
-1.705860043978e-02
1.637396998765e+00
1.914260451911e+00
-9.166785815571e-01
9.427488646952e-01
9.457138276171e-01
-9.659600536425e-01
-2.850292607284e+00
-1.894466388945e+00
9.492098784113e-01
-9.559606623560e-01
-9.715896393116e-01
2.564430073194e-03
1.614599234289e+00
9.631016450032e-01
1.482594695910e-02
-8.700497219262e-03
-6.561778894640e-01
2.769750350117e-01
-2.998521835686e-03
-1.272432133028e-04
1.849150653402e+00
1.855806982410e+00
-8.960584989979e-01
1.871537848555e+00
9.175757441333e-01
9.345663717182e-01
1.846045710378e+00
9.427547456996e-01
1.673582246297e+00
9.349713899855e-01
3.042330124571e-02
-9.415360103602e-01
-1.858632225697e+00
-9.510884389839e-01
-6.104638110497e-03
9.585146526475e-01
9.598101446015e-01
8.982506191912e-01
1.881700402238e+00
9.559398996090e-01
-8.951815380464e-01
1.851389180153e+00
8.991170478469e-01
1.068186380978e-02
-9.170280040902e-01
7.505741825480e-01
1.461894116971e-02
-9.261753998332e-01
6.108498873847e-02
1.505046968504e-02
5.806213774262e-03
-2.236572832934e-01
9.044006239796e-01
-9.418044813468e-01
-9.454661907440e-01
1.772701907738e+00
9.491791298521e-01
2.773453850230e-02
4.391962878795e-02
1.072435223640e-01
1.850875423822e+00
9.982981959444e-01
-1.717522224203e-02
-2.356777850318e-03
-9.213602517798e-01
-9.419148299073e-03
5.385718901009e-01
-1.349729309833e-03
-9.234593161702e-01
-8.882503537012e-03
-1.921865129651e+00
-1.892130328838e+00
-1.569743800987e-02
1.904079159164e+00
4.540591886913e+00
3.714898369482e+00
9.507540040307e-01
9.513034117280e-01
9.452260387178e-01
2.986371204232e-02
-8.836336731406e-01
-8.917936421299e-01
-3.789908828952e+00
-1.886409767445e+00
1.214405385853e-02
3.397615259269e-02
1.194717927547e-03
2.303271138832e-02
-1.877072216928e+00
-9.493260625739e-01
-9.356542907619e-01
3.634815389375e-02
2.223630214331e-02
9.512482663908e-01
9.396133864910e-01
9.313323570226e-01
9.542673464591e-01
2.734260270845e-02
-9.716844962949e-01
-9.553837826332e-01
5.060024045993e-02
8.672719692374e-01
-9.948239598577e-01
9.393208132296e-01
-1.895511211352e+00
-1.846575797819e+00
-1.944737188561e+00
-9.498153743124e-01
-1.900519602657e+00
-1.866151165406e+00
-1.842378603791e+00
-9.589131071292e-01
-9.568413891222e-01
-8.190871849036e-03
-9.294402898570e-01
-8.431774620695e-03
2.215340633385e-02
9.499144479094e-01
-1.886664019742e+00
-6.321345343452e-01
-1.712204076257e-02
8.972963133230e-01
2.049898960959e-03
-5.070227068488e-02
9.118159118137e-01
1.903014369785e+00
9.332233171002e-01
9.517387523650e-01
9.366477857066e-01
-9.425786822401e-01
1.232147667563e-02
-3.665168079443e-02
1.832413543182e-02
2.508575709297e-02
-9.459091264528e-01
-1.895658988799e+00
-9.656403689761e-01
1.364198469550e-02
9.061328966561e-01
8.946576344902e-01
2.958338671190e-03
-4.785966616488e-02
-1.687406267022e-03
-2.095172397531e-02
9.537262134798e-01
-3.174057834813e-03
-7.337567806108e-04
1.299264025546e-01
1.893168929427e+00
-3.952413142336e-03
1.902643666245e+00
2.832657536768e+00
3.732939446332e+00
-9.022539120852e-01
-3.332487256011e-02
9.456293432088e-01
8.291789473714e-01
9.400031365594e-03
-1.737498857455e-02
1.438090941131e-02
-1.909801708823e+00
-8.073549901536e-01
-7.312324520427e-02
1.891824994090e+00
1.915709107357e+00
9.567378858478e-01
-1.580844457219e-02
-9.127104872162e-01
-1.849590614431e+00
-2.765553824611e+00
-1.265553764741e-01
-2.398718233356e-02
-3.310708526124e-02
9.761088023931e-01
-1.496273197583e-02
-1.766860467475e+00
-9.092902075350e-01
9.156246677639e-01
9.051400098125e-01
3.862243324145e-03
2.730395932565e+00
2.863621790781e+00
2.844673516572e+00
1.871618932236e+00
-9.324010017245e-03
6.616519081401e-03
5.318735490524e-03
7.967822767916e-01
-1.874333121871e+00
-9.484389124379e-01
9.170219011722e-01
9.451653353869e-01
-4.983799202835e-02
-3.872423302361e-02
-1.601710339316e-02
4.757455377522e-03
-1.902328242346e+00
1.636781323558e+00
-5.680803207865e-02
-9.634559303814e-01
9.336266216924e-01
-6.395126643235e-02
-9.378512373033e-01
1.099578397841e-02
-3.080690397901e-01
-9.612811520763e-01
-8.301484061997e-01
-9.609557899233e-01
-2.814965364411e+00
-2.820013721731e+00
-1.884305612142e+00
-4.742929040414e-03
9.663247363786e-03
9.540325099626e-01
-5.659983746760e-03
9.743281273384e-01
1.901881521597e+00
9.557915278938e-01
1.881917117002e+00
3.630125585818e+00
9.440618257435e-01
7.892670227210e-01
7.311328286199e-01
-9.014161406278e-01
-9.489482563572e-01
-9.168576116497e-01
-1.882953045817e+00
-8.610074641178e-01
-2.274121519551e-03
9.581340271941e-01
-9.684673078505e-01
8.057572331712e-01
1.197050899348e-02
7.923065079796e-02
8.935151795546e-01
-1.006216006495e-02
-9.482612363071e-01
9.547381225387e-01
-1.375899272016e-03
-1.784708901587e-03
2.824281863040e+00
2.907763867685e-02
7.770180346799e-01
-1.861744770666e+00
-1.887203672735e+00
-9.543975643349e-01
-2.818753061337e-02
-1.524592800212e-01
-9.646617249763e-01
1.834541579928e+00
9.064917475998e-01
1.436315021057e-03
-9.208120061638e-01
-9.441150709875e-01
-1.861497627937e+00
9.626005090374e-01
5.849902351255e-02
1.840399554194e+00
1.842160412242e+00
9.658809428823e-01
2.819598448472e+00
-1.772568717041e+00
-1.507171942731e+00
9.452905638806e-01
9.815246062391e-01
1.878424624659e+00
9.224166190739e-01
-9.435122658755e-01
-1.918904214829e+00
-1.852274393411e+00
1.858850595718e+00
2.734752056913e+00
-9.530949775755e-01
9.289249547684e-01
9.661395550143e-01
1.911844831576e+00
1.903604265746e+00
-2.259579591053e-01
9.278907090009e-01
-9.183260820126e-01
3.957280687519e-02
-9.578270734241e-01
-9.504925784614e-01
-9.470932507529e-01
9.448949542300e-01
-9.362226133629e-01
-1.829833328763e-02
1.261749928572e-02
9.510379010259e-01
9.586888769527e-01
9.775546057176e-01
2.814294821453e+00
2.764626430544e+00
-9.905429037765e-01
-9.076141622848e-01
-2.545034487655e-02
-1.885251716851e+00
1.879183374510e+00
1.905841483309e+00
1.887033519959e+00
3.743707016016e+00
9.188734697150e-01
-9.548870596653e-01
8.325157141410e-02
3.828677376347e-03
3.582187707563e-03
-1.544270557251e+00
-9.557999106619e-01
-9.418479560826e-01
-1.726794142991e-01
-8.969831128257e-01
-1.869457163143e+00
-2.743119047213e+00
-1.964240108581e-02
-6.550706987382e-04
-1.526687475210e-03
-6.250710088711e-03
-5.453016412365e-03
-1.885847346913e+00
9.180367139170e-01
-1.040587431448e-01
9.755147947980e-01
9.513367903240e-01
5.374008756635e-02
1.779215259201e+00
9.691204620408e-01
-9.685052766220e-01
-2.836275191582e+00
-1.902144250314e+00
8.607643682040e-01
-6.761338842385e-03
8.484965171497e-03
-2.133821342185e-03
-9.521353790112e-01
-7.078938204655e-03
9.458092803714e-01
-9.680585948504e-01
-9.647496445159e-01
-1.855597011118e+00
-6.947534942604e-01
9.848021140546e-03
1.782251276049e-02
-9.302964112192e-01
2.129770327761e-01
1.886228742235e+00
2.792712649705e+00
1.899953733514e+00
1.184497566286e-02
-9.272891297469e-01
9.479027838159e-01
-9.880644879279e-01
-9.517931469849e-01
-9.393265262353e-01
9.536178777609e-01
9.051517571268e-01
-1.768045743219e-02
6.395849153041e-03
1.473811525967e-02
-9.388901883719e-01
1.856550708027e+00
2.849247526954e+00
1.960145018839e-03
-9.451846133663e-01
-8.793290291561e-01
-9.724596817760e-01
-1.065747735016e+00
-1.899573673417e+00
-9.198083875437e-01
-1.066901602213e-02
9.135760834839e-01
1.846698370737e+00
-1.078837198075e-02
8.404507835758e-03
9.399364005275e-01
1.684834558118e+00
5.346915323743e-03
1.910903341082e+00
3.658190505228e+00
1.914470649615e+00
-1.495370215397e-02
-2.807043057126e+00
-1.883866952484e+00
-1.792682204195e-02
3.696562627615e+00
1.850345868178e+00
6.483911777563e-03
-9.577541065065e-01
9.122414049993e-01
-7.243303602900e-02
2.804668174695e-02
-9.160572664820e-03
9.938915806579e-02
9.171146085977e-01
-2.874744161003e-02
1.857803392358e-03
-4.027557989954e-03
-3.144060216628e-03
9.168624877906e-01
9.495359473454e-01
9.253943256857e-03
-2.074883293474e-02
-2.818005499400e+00
-1.860037574141e+00
-1.899961466480e+00
-2.365368496702e-02
8.062307063353e-01
-9.345950369183e-01
4.844179127279e-03
-9.579571431389e-01
9.567472225112e-01
9.629079267410e-01
9.555800384433e-01
-1.277282747778e-02
9.372282818979e-01
-6.980749054409e-03
-2.142103441892e-03
-6.496671770717e-03
1.533234052695e-02
1.701093169288e-02
-1.411690620448e-02
1.878593149985e+00
7.923003720832e-03
-9.546654695761e-01
-9.475217636451e-01
-2.776312337734e+00
-9.533997216459e-01
-9.500712581508e-01
3.230223980743e-03
1.846860451772e+00
2.728503838271e+00
1.804556831183e+00
1.909893953823e+00
9.271721480165e-01
2.824347533200e+00
1.905835838995e+00
8.701500077445e-01
-9.608038116859e-01
9.593412472147e-01
9.023546248513e-01
8.413343600548e-01
8.266837727750e-02
-1.384596888763e-02
9.561385226378e-01
-1.278758110729e+00
-1.906032306011e+00
-1.789638391405e+00
-9.881324283188e-01
-9.537725924523e-01
-9.456220926595e-01
-1.133693711904e+00
1.839386059147e+00
-9.000911900151e-01
9.478857335112e-01
-9.656310836117e-01
-3.724352732565e+00
-9.263697201614e-01
-1.006034862704e+00
-9.156019209137e-01
-3.080297232210e-03
9.847610854186e-01
1.891214619496e+00
1.941425096707e+00
3.766102315754e+00
1.888943835972e+00
9.143776966912e-01
9.400830566509e-01
1.896084058632e+00
9.621803621990e-01
1.884059879071e+00
2.813985417149e+00
1.928592338358e+00
1.902517110002e+00
9.442389578363e-01
9.022045114404e-01
-1.791359635830e+00
9.206080971044e-01
-2.572256617574e-02
-8.935684993287e-01
-2.842639070445e+00
-1.866970367527e+00
-1.898315152447e+00
-1.911719404704e+00
-9.385822819082e-01
-1.573854209737e-03
-4.312182665815e-03
9.995008764843e-03
-7.742972949440e-01
2.355665850147e-02
-2.039119323276e-02
-2.794840172732e+00
-2.835818929797e+00
-1.864416544481e+00
3.838332762632e-02
-2.791932226802e+00
-1.876623206579e+00
-2.792747095154e+00
-9.561273102643e-01
-8.872827272501e-01
9.719223724752e-01
-9.618188635427e-01
1.013607518930e+00
9.739684871998e-01
1.777787652733e+00
9.214450299703e-01
1.345689620270e-01
8.283767455699e-01
-1.886518025946e+00
8.763924641525e-01
1.699274372566e+00
8.217455148447e-01
9.367361610507e-01
1.715305394023e-02
7.866678710885e-02
-1.871677223704e-03
-9.497524399348e-01
9.401573726034e-01
3.441787442155e-02
-9.198007436976e-01
-1.909985158112e+00
-2.810050898840e+00
-2.755072367269e+00
-1.917695673460e+00
-9.339393645509e-01
-7.229579076282e-03
6.190049713279e-01
-1.213055639222e-01
-2.458225042863e-02
8.778363495363e-02
9.214100624354e-01
9.587302189469e-01
9.190234482253e-01
1.334469239730e-02
1.897476405733e+00
1.876402900054e+00
9.444573828016e-01
1.870069524216e-02
-1.283217115073e-01
-1.049906436162e+00
9.487154625046e-01
-9.457371482774e-01
-9.559932345545e-01
-4.440626788916e-02
1.854762720379e+00
1.856485162396e+00
1.842199602706e+00
1.916219736676e+00
-4.372551780475e-02
-9.047408445320e-01
-1.882632954404e+00
-2.845295703995e+00
-3.955310989233e-04
1.879027695505e+00
1.897796925067e+00
9.189790433742e-01
1.882770715835e+00
8.725454985850e-03
1.825542753324e+00
2.844663825543e+00
1.905409600256e+00
-1.846676621253e+00
-9.615602935706e-01
-9.468899792388e-01
-1.902186961194e+00
-9.483395391168e-01
-3.677647424805e+00
-1.902494588398e+00
-2.838713874797e+00
-9.465937648745e-01
-9.289735228121e-01
-9.445893371735e-01
-5.866031231309e-02
-2.643832137028e-02
3.064003039528e-03
-1.802793379666e+00
1.778110068988e+00
-9.460505828996e-01
-8.858044308057e-01
-9.269628699648e-01
2.718927959654e-03
6.438274725502e-02
9.362604815102e-01
9.584035601986e-01
9.617942268233e-01
9.661209460383e-01
1.678554823408e-02
-1.004516541941e+00
-9.415658000534e-01
-4.057293850782e-03
-9.624046294083e-01
-9.723742566357e-01
-9.697003449010e-01
-1.094641558220e+00
2.827797423115e+00
9.415305078481e-01
1.734909259007e+00
9.863024490818e-01
9.214466965508e-01
8.178083681608e-01
1.898590972501e+00
1.905356024654e+00
1.013325109943e+00
1.016531796187e-01
2.779911545122e+00
1.900934101918e+00
9.694724459258e-01
9.442884532043e-01
-1.898858499519e+00
-1.875013447960e+00
4.396261059097e-03
-1.362532046285e-02
9.482337227126e-01
2.192152996038e-02
6.582742640345e-02
-9.400063034794e-03
-1.568786274547e-02
-9.189263776280e-01
-9.231127727348e-01
-1.096631357383e-02
9.261238759216e-01
1.284966505551e-02
-2.719756037220e-02
8.590663680444e-01
-9.594373255245e-01
8.716466248516e-01
9.615074553492e-01
2.329586694141e-03
1.971752381178e-02
9.284607487808e-01
-2.806536238531e-02
-9.615180573512e-01
-9.407803528529e-01
-9.157939355999e-01
-1.795413933875e+00
-1.066715229261e+00
-1.831284871761e+00
-1.895037374680e+00
-2.797127061617e+00
9.892904205178e-01
2.143270910136e-02
-1.842713970780e+00
-9.158755017650e-01
-1.900107466881e+00
-1.517936817127e-02
-7.813713775724e-03
9.210654365123e-01
-9.610038670461e-01
-9.307986152473e-01
8.758831073003e-03
9.235686780679e-01
9.676527640504e-01
9.536489752660e-01
9.324108417433e-01
-3.114198903196e-03
-1.917238249560e+00
-1.667005899883e-02
9.504274872923e-01
9.271764257692e-01
-7.328979407226e-04
-9.438783031378e-01
9.240818246787e-01
9.678685669399e-01
2.852707928781e-01
8.681925182307e-01
-3.863639150040e-03
-1.829095216051e-03
8.028855608518e-03
8.488210061459e-01
9.439181321432e-01
9.479325076999e-01
9.445492312600e-01
3.548908462154e-03
-8.758166486071e-01
1.907578148181e+00
9.521207771263e-01
-9.728895166161e-01
-9.812824960352e-01
-9.580030292996e-01
-2.322267098753e-03
-9.436602332213e-01
-2.821303039816e+00
-1.977638533264e+00
-2.800071784294e+00
-2.074154912959e+00
-9.580138562393e-01
-6.722747875981e-03
-9.138341373360e-01
-9.029886601430e-01
8.926267721719e-01
9.439789022095e-01
1.766643539380e+00
-9.598371305654e-01
-9.067610925574e-01
9.605174284613e-01
7.401684824413e-01
6.602577482137e-02
9.432439867910e-01
8.287515460212e-01
9.524970130927e-01
-2.077003334291e-03
9.072129777430e-01
9.026680363210e-01
-1.129211021600e-02
2.089061147936e-01
-9.293059189540e-01
-1.783129911979e+00
5.955779478457e-03
-2.879935958276e-02
7.334825087835e-01
-9.531806081264e-01
-9.332900501163e-01
9.677629837751e-01
-8.427259316188e-01
9.611915613687e-01
5.334839026662e-03
2.898810421510e-03
9.317422184230e-01
9.946095908102e-01
9.503461227543e-01
-4.942709075465e-04
1.553562587839e-02
2.433659135160e-01
9.566086946633e-01
-2.804428667451e+00
-1.843943962898e+00
-8.938890537159e-01
-1.220704937494e+00
-9.474664038570e-01
-1.842584493405e+00
-5.891005320708e-03
-9.271291650087e-01
-1.869976159043e+00
-9.371743164012e-01
-7.529463035273e-03
9.614241641697e-01
9.278879239394e-01
9.569083081178e-01
-2.309533734513e-03
-1.615017045658e-02
1.864279642190e+00
9.516018312125e-01
9.269209969401e-01
1.920433147368e+00
-8.310736718139e-01
-9.161104553250e-01
-9.609915125011e-01
-9.392322506784e-01
3.845642630696e-02
-9.677505933518e-01
-8.033872336917e-01
