-9.277380863517e-01
-2.536730885592e+00
2.428508884356e+00
2.004470786450e-01
1.866797810320e+00
-8.221858495433e-01
-2.676452639857e+00
7.683761312594e-03
-6.215526383726e-01
-9.066013170342e-01
8.537240386994e-01
-5.344929611021e-02
1.111226140938e-01
-3.870621776653e-03
-1.828805279781e+00
2.697433000123e+00
9.712757116535e-02
6.799917667141e-03
-4.324272884446e-01
-1.917366962268e+00
-8.776769802882e-01
-7.344109711990e-03
8.543643810411e-01
6.735535748964e-01
-1.688425491458e+00
1.497615792086e+00
2.320234424696e-02
-8.316858514768e-01
-3.674733560428e-01
1.869689730782e+00
-3.403154636195e-02
-1.211875106438e+00
-6.408063692126e-03
-1.635873375443e+00
8.522637360500e-01
9.486675934449e-01
-4.804999273599e-02
-8.472172508244e-01
-5.282799384859e-02
1.840944706313e+00
-1.819374061899e+00
-9.757992198183e-01
-2.511126056970e+00
-2.603621820179e+00
-8.196331141076e-01
-9.746359299042e-02
-2.645256248318e+00
-2.406724676108e-02
-9.301760677739e-01
9.396396477500e-01
8.264493094389e-01
-9.204482170645e-01
-2.602390084115e+00
-1.601330289127e-02
-3.697842906145e-02
9.313786936900e-01
-1.472406098346e+00
3.266098967667e-03
6.702722333913e-01
-2.695713055497e+00
-7.310007409059e-02
7.387881111886e-01
1.020415174184e+00
-5.377051098972e-03
-7.600735137062e-02
-3.784201072985e-01
9.012235250344e-01
-8.857002061907e-01
-2.722147644984e+00
-4.344755597694e+00
-9.731945103873e-01
1.196676107251e-02
9.614446445498e-01
8.601985160188e-01
1.814239678439e+00
8.418073277654e-01
1.797763665889e+00
2.589824719140e+00
4.133898371897e-01
9.090671657177e-01
9.554804390626e-01
1.808233142324e+00
3.032636452315e+00
9.616515701543e-01
-1.798753727576e+00
-8.773561882460e-01
-1.683398827286e+00
5.949387782902e-02
-8.690003850231e-01
1.671999685097e+00
1.649605144421e+00
5.295886001950e-01
4.750987191494e-01
-8.924360519365e-01
8.686320268279e-01
1.817733289898e+00
-8.957967548410e-01
9.046664909864e-01
9.024020365214e-01
-2.959984356458e-03
8.831548357723e-01
-3.337303640798e-02
-2.397127115028e+00
9.530245269096e-01
-1.735521910090e+00
-8.545323165603e-01
-1.731422630263e-02
8.739800549887e-01
-3.184621293866e-02
-7.881740490488e-01
-2.845592322241e-01
9.038001411749e-01
-2.484386957263e-03
-1.837174770996e+00
-3.453465320334e+00
5.694801448302e-03
-9.224307376090e-01
4.608248757806e-02
-1.457133051678e+00
-1.654738272709e+00
-1.833175318039e+00
-8.997112016845e-01
-2.502044095678e+00
-1.424421759355e-01
8.964814334416e-01
9.633584161268e-01
9.272778536027e-01
1.702435273846e+00
1.849496433236e+00
-8.735557108515e-01
8.992775514270e-01
2.689252881734e+00
-7.853731245285e-01
6.605444533058e-02
-3.443642338433e+00
-8.906448488295e-01
5.407351357581e-02
2.128703050657e-02
-1.775027105550e+00
-9.370338249197e-01
2.835123257415e-02
1.671430909391e-02
-9.476979753113e-01
3.361748329812e-02
4.935094472889e-02
-1.954509151846e-02
8.781321821863e-01
-8.381841031580e-01
8.454657373474e-01
-8.459543473121e-01
-6.063026253778e-02
-1.791644049606e+00
-1.410025839695e-02
1.614785773693e-02
-9.950522845851e-01
1.350943750668e-01
-1.653119722049e-02
2.539175676652e+00
3.410246453323e+00
8.977483669771e-01
-1.175207638949e-03
-9.271232177070e-01
-2.657001228069e+00
-9.162406265690e-01
2.111718582135e-02
1.701464677883e+00
-9.255739380925e-01
-1.034908213785e+00
-1.716293776455e+00
1.193616937049e-02
-1.772902339468e+00
8.681991282181e-01
8.955359798948e-01
7.739780233016e-01
-4.069324398986e-02
-1.360633076132e+00
2.052159024154e+00
6.769305026133e-01
8.809663748805e-01
1.707496990504e+00
7.268951402444e-02
1.799245254455e+00
-2.911694374715e-02
8.590510833325e-01
-8.669462264608e-01
6.140009746106e-01
9.260681210010e-01
-1.635007291076e+00
-2.020770042490e-02
3.969699862485e-03
-1.828641996211e+00
-1.847129782756e+00
-2.711383027513e+00
-1.883071067290e+00
-9.063573941079e-01
-9.137663003397e-01
-1.178923912346e-03
8.649307165573e-03
1.929464376374e-01
4.006070064839e-04
-8.322932418491e-01
2.897975600704e-01
-5.472480463477e-03
-2.608970044257e-02
-2.452473398731e-02
9.129688786274e-01
9.154674095421e-01
8.446572952899e-01
-7.711783477218e-01
2.176583598981e-01
1.725097250668e+00
1.402797431024e-02
2.663711509236e-01
-4.070971241594e-02
2.581558312361e+00
-1.837463638364e+00
-2.543144243352e-01
-2.728142891913e+00
1.399791156612e-02
-6.494864933085e-01
-1.971229589167e-02
-2.969851791135e-03
1.715444438364e+00
4.261315960379e-02
-8.410666147741e-01
8.608220606325e-01
9.073467220540e-01
-1.780338252589e+00
8.948105253335e-01
-6.786686195112e-02
-7.760117427112e-01
1.125151143911e+00
-8.852717977017e-01
8.135376137995e-01
-8.936394709707e-01
8.565482045206e-01
-1.275473661387e-03
-9.078304538331e-01
1.832862538677e+00
8.587106709070e-01
1.726419235910e+00
2.771017054996e-01
-4.647374909767e-02
-9.272814932948e-01
1.093505475051e-01
1.705408901959e+00
-8.834238259110e-01
-8.821176908050e-01
1.517175961492e-02
-9.162428786115e-01
-9.341701510772e-01
-1.851586674060e+00
-1.761033045347e+00
-1.485760111061e-02
9.106234819779e-01
1.815681755523e+00
6.105745537628e-03
9.052861858846e-01
2.585830026749e+00
8.263017736802e-01
-4.269829722655e-02
-1.605370892407e+00
-1.800526534832e+00
-8.312762809749e-01
-9.212119744352e-01
5.911202559984e-02
9.132287872982e-01
6.486989105847e-01
-9.906095291986e-01
-9.333917252273e-01
-2.575127313769e+00
-1.111608513823e-01
-1.423622402915e+00
1.786259554211e+00
7.906285716623e-01
-8.318467447153e-01
-1.135213002279e+00
1.581763527888e-01
-8.938924521838e-03
1.828908412975e+00
9.356418325533e-01
-9.125139721905e-01
5.923599839711e-03
9.333673603503e-01
9.029792065661e-01
-1.414361671229e+00
-9.210320506770e-01
-1.155375055864e-01
2.607666482265e+00
9.552500665275e-01
9.053635342247e-01
9.113138734518e-01
9.110185024679e-01
-1.780964962721e+00
5.206785976354e-02
1.638601898793e+00
-1.840759823560e+00
9.890371973601e-01
8.256399440314e-01
-8.504660172233e-01
-3.650325744977e-02
8.857481800037e-01
-9.266011945252e-01
1.636590395802e+00
1.844724232628e+00
8.915254999896e-01
8.450155335131e-03
-9.132229098618e-01
8.792587019854e-01
1.009448182375e+00
-5.319516485684e-02
8.887152255172e-01
7.746493699387e-02
8.258243767208e-01
1.695997371912e+00
8.407857814254e-01
-1.984596720138e-02
-2.067652018659e+00
9.179151933733e-01
-1.795774191663e+00
8.419578548690e-01
-1.736741556269e+00
1.396610720824e-02
8.732548425606e-01
9.300508744435e-01
-1.713763394267e+00
-2.139358232470e-02
8.591382182858e-01
7.529440742522e-02
1.778676018637e+00
1.837573288566e+00
-4.882755291618e-01
-2.289798706202e+00
7.514481906934e-02
9.346603339695e-01
3.031225134671e-02
-3.608030456895e+00
-9.029850035730e-01
-7.107015054911e-01
1.622583431030e+00
8.711074170700e-01
1.001346135242e+00
1.283073479168e-01
1.811380279037e+00
-8.197865312439e-01
8.680123902538e-01
8.811162379114e-01
2.288778905892e-02
-8.763524752065e-01
-8.761724362934e-01
-8.999697087813e-01
-8.526251784272e-01
-2.119993335798e-02
1.699482624480e+00
-2.498863382528e+00
-1.326055293397e-01
-3.394008072395e+00
-1.884898568916e+00
-9.192478063500e-01
6.333443123981e-01
1.747175021561e+00
1.776868268657e+00
1.665622503956e-02
1.561661095952e+00
1.797369795125e+00
8.117310031563e-01
-9.514513180282e-01
1.799065473467e+00
8.717924636563e-01
-2.731190339909e+00
-1.795111978519e+00
-9.408108840888e-01
3.429255037814e-02
-2.134126208145e+00
-5.840569818538e-03
-1.790392178429e+00
-6.339503287963e-01
-1.016417794366e-01
-1.068808810404e+00
-7.120474429146e-02
-2.699914893227e+00
-1.753421130579e+00
-1.849949510721e+00
8.456320397444e-01
-1.988640399242e-03
8.803540853527e-01
-6.249117948342e-03
9.117284875026e-01
9.133599265687e-01
7.221260369484e-01
-8.631894570842e-01
9.738249062671e-02
-9.042040785810e-01
2.505769455813e-02
9.373828680412e-01
8.875336139582e-01
5.964845507962e-02
9.950025987720e-01
-1.245730464733e-01
5.433664367539e-02
9.285414735800e-01
-8.359377851414e-01
-1.741091708619e-02
2.197531217560e-02
-1.866975737944e+00
-1.640655990767e+00
9.203906299022e-01
-9.385891110579e-01
9.062834103437e-01
9.189747866917e-01
4.406784959190e-02
1.018491454616e+00
-7.365794044445e-01
1.792061139884e+00
2.677746080558e+00
-1.848849209720e+00
-2.563427339933e+00
-8.891332976128e-01
-9.021860749544e-01
-8.862211244554e-01
5.177780217041e-03
-9.044487229216e-01
-1.624320688858e+00
-5.296042307416e-02
1.615914742992e+00
-9.628545915711e-01
-2.918912453815e-02
5.068352261069e-03
8.819797632097e-01
7.853847627811e-01
8.980477666557e-01
5.293300787106e-01
9.490467336809e-03
7.362636460752e-02
7.713320354682e-02
-9.075042065948e-01
-9.098353918272e-01
1.848304069856e+00
-7.837068484048e-01
-9.440136679482e-01
-2.512036675721e-02
9.441514002838e-01
3.575334145177e+00
-1.580945348167e-01
9.123496383210e-01
-2.348132659028e-02
-9.260255538397e-01
3.642182237382e+00
1.820621949491e-02
9.051004717536e-01
-8.287395152193e-01
1.814184393710e+00
8.733209822938e-01
-8.166049978218e-01
1.509090681290e-02
5.463815544547e-02
8.277732881995e-01
7.682710279098e-01
-7.999597918913e-02
-3.662113866637e+00
-2.742186816537e+00
-9.257420029794e-01
8.960314628044e-01
1.819444112078e+00
-8.438948029226e-01
-6.640313101864e-02
9.285394305388e-01
-9.053468555716e-01
8.801842428829e-01
-6.492724816361e-04
2.382783326362e+00
8.592283064719e-01
2.752054356146e+00
-7.897647115976e-01
8.923726308762e-01
8.845077443599e-01
-9.508066652713e-01
-9.602064959603e-01
-1.808497070367e+00
-5.037179790332e-02
9.099912754580e-01
-9.535687085287e-01
9.605096495607e-01
-2.419021219168e+00
-1.295860429558e-02
-1.732129870112e+00
-8.750151030365e-01
9.697912335636e-02
-9.126830550025e-01
-9.001829623182e-01
-8.619224122959e-01
-1.745533048964e+00
-1.737519029129e+00
7.760319898057e-01
-1.844518207270e+00
-1.789586749657e+00
-9.267110242260e-01
-1.873170061440e-01
-9.397506469375e-01
1.093508985455e-02
-2.313512748942e-02
-9.096881017642e-01
-8.999199831400e-01
6.128275171326e-04
1.695807668963e+00
1.050727185611e-01
9.196632185172e-01
2.726841173775e+00
1.788107145088e+00
3.737228818736e-02
8.650611812966e-01
9.189331301986e-01
2.442659702882e-02
2.691225210877e+00
8.802818857203e-01
-9.315218061412e-01
9.673835007223e-01
1.922141736889e+00
7.729454103835e-01
1.649857809561e+00
1.818813064381e+00
-8.662872714208e-01
9.176048031153e-01
1.762816472788e+00
2.657481751822e+00
-1.700419286863e+00
1.731771648139e+00
2.148326025065e+00
-2.760732866743e-01
-9.226487243944e-01
9.811110072061e-01
1.681826213779e+00
1.798777444229e+00
-1.844693569291e+00
-5.803349343710e-01
-9.230072552759e-01
-1.125750920995e-02
-1.796611564914e+00
8.955289740101e-01
1.716169158678e+00
2.591451597725e+00
1.726797554976e+00
-9.677977132391e-02
-5.326820695934e-02
9.361830706572e-01
2.514432741459e-02
3.532763153993e-02
1.397997480534e-02
1.718860815099e+00
-7.233096144071e-01
1.736417791478e+00
9.188130349359e-01
9.414188458336e-01
8.658828409384e-01
-2.624151601739e+00
-7.945407971780e-01
-2.310858434990e-01
-6.303689845346e-02
9.141711780459e-01
2.657847837143e+00
2.694004200241e+00
-1.744050735291e+00
-8.012012209695e-01
1.830478927794e+00
8.184467468046e-01
-1.518795117578e+00
-3.324488522279e-02
4.237288835587e-04
7.829399539586e-01
-1.659093158805e+00
8.135783998878e-01
-9.259897244951e-01
-9.165440133590e-01
-3.377670655897e-02
-2.829931103756e-02
-8.413048064649e-01
2.191128203265e-02
-1.818001060829e+00
-1.830121053751e-02
8.146214947089e-03
8.317549649671e-02
-2.880997186645e-02
1.571799216596e+00
-5.417142898679e-02
-1.655612892716e-02
-2.651353894545e+00
-9.378762252888e-02
-2.171224714283e-02
-9.430591331890e-01
8.665450376671e-01
8.418487495479e-01
8.863263982798e-01
1.424830392020e-01
-6.184833897104e-03
2.019936916119e-01
-8.934183981809e-01
9.242160371536e-01
-1.100634654618e-01
-9.251591227230e-01
1.374755148544e+00
9.281035353444e-01
7.863870790455e-01
1.612293793076e-02
8.295646224634e-01
-3.401471204407e-03
1.946734337685e-01
-2.821349156289e-02
8.614709232381e-01
1.485820834551e-02
1.830580830652e+00
1.753599562858e+00
1.325777015264e+00
1.862373771304e+00
1.806125035799e+00
6.232511966124e-03
1.802676471971e+00
-3.307698513350e-02
-9.172349151345e-01
-2.652809859689e+00
-1.824660663768e+00
-1.849027871646e-01
9.976858461962e-01
-9.269778453790e-01
7.810651195345e-01
1.825046144774e+00
3.288047898831e-01
-7.510083885946e-01
-1.602429436389e+00
5.959824796993e-03
-9.137686230166e-01
-1.848547745262e+00
5.011754491438e-02
-9.452443682275e-01
1.842452823613e+00
-1.774091743227e+00
-2.783584166102e+00
-1.847993786935e+00
-1.775274066980e+00
-1.761894540522e+00
1.442270635992e-01
1.679678701380e+00
2.045222094074e-02
8.737870357886e-01
-8.430818088901e-01
2.593207755497e-01
2.247822938862e-02
2.295181478671e-02
-8.712659195094e-01
-9.189858288429e-01
9.798669400862e-01
1.826785173136e+00
9.451420889657e-01
8.678614785443e-01
-2.370496701607e-01
-9.150979833499e-01
-2.542034415711e+00
-9.358178895876e-01
8.502386936667e-01
-3.949689796289e-01
7.594641529532e-02
-2.021660822181e-01
8.088647420558e-01
9.226790961992e-03
9.512129942028e-01
8.689180290356e-01
9.228072831897e-01
-8.418307648726e-03
-9.065911733258e-01
-3.166012267032e-02
-9.004909204176e-01
-9.113842415332e-01
-2.009319650553e+00
1.056593599538e+00
1.811067984774e+00
8.750444900312e-01
2.167011721663e-01
8.410739970106e-01
-9.543689914081e-02
3.946944373560e-02
6.856915906957e-01
3.272917149207e-02
1.219022077765e-01
9.285380634982e-01
8.665162720283e-01
1.846012155614e+00
2.699701884057e+00
4.307307758999e-02
-9.033764085696e-01
9.248537421450e-01
1.753506085788e+00
9.193262779646e-01
8.584360237989e-02
9.180108885164e-01
3.692343195030e-02
-1.767532046752e+00
7.439955537577e-01
1.621137547811e+00
-8.595119969251e-01
8.597710491439e-01
9.701875292256e-01
1.194698966921e+00
1.729745000953e+00
1.890588591216e-02
7.580232892400e-01
9.228333179049e-01
1.339212735383e-01
-9.174924836562e-01
6.632434059109e-01
-9.534924253995e-01
-1.812884977815e+00
2.334513941376e-02
-8.967680384058e-01
-7.870239788130e-01
-9.858577979417e-01
-2.670591020457e+00
-7.872876273717e-01
-1.845485834728e+00
-1.811949613029e+00
-1.883167278497e-01
5.362894946295e-02
-2.632576965688e-02
8.642333188647e-01
1.784306667211e+00
1.807804196671e+00
-5.214900056615e-03
1.465584666529e-02
7.934099185535e-02
-1.937097553986e-02
1.766240214647e+00
-8.609813454589e-01
-1.019239867352e+00
-1.831342163668e+00
-1.695874462948e+00
1.803972303928e+00
-4.120430709368e-04
8.149705490099e-03
1.684227597665e+00
8.877925062131e-01
-9.201798821716e-01
7.676082051010e-01
-1.806860270455e+00
-2.719131652097e+00
-2.460048015164e-01
-4.069284718636e-02
1.822006923506e+00
1.377087422982e-02
-7.010477296322e-01
9.709152225178e-03
-1.772121896224e+00
1.509307044108e-02
8.938503715345e-02
2.615778964757e+00
1.167473218696e-01
8.661814860364e-01
7.999525266698e-02
9.180316498255e-01
-6.612898472038e-02
2.220866274126e-02
8.736776544922e-01
8.696751415033e-01
-8.864344303946e-01
1.118711993877e-02
-2.096242278598e-02
1.766040308835e+00
-8.478826061345e-01
1.581737180283e+00
-3.602341534789e+00
-1.588080837759e+00
8.357129117624e-01
9.219131980107e-01
-9.241764787251e-01
-6.021524647016e-02
-8.118051995105e-03
-1.797203456678e+00
-1.752248789199e+00
-1.695964699491e+00
6.248258626510e-01
-1.702528682891e+00
-3.155850206355e-02
-8.990947683988e-01
2.282167589095e-02
-5.397694841346e-02
8.631888463466e-01
-2.751839992999e+00
1.804512378436e+00
8.484582506860e-01
-8.535842087876e-01
-1.481456053059e+00
1.673271846225e+00
2.944862824836e-02
-8.713635958515e-01
-7.654454409604e-01
6.608059738088e-01
-1.426589517547e-01
-7.343776519782e-01
-2.747721623234e+00
1.632371938908e+00
9.057497391562e-01
-3.081041166061e-02
1.719122812387e-02
-8.728102259863e-01
8.559833393702e-01
9.105409524848e-01
-5.379385396916e-03
1.016288520108e-02
-1.811293635248e+00
-7.793127523852e-01
9.073180568403e-01
1.796358406012e+00
-8.459331453728e-01
8.667382811882e-01
-2.545564196642e-02
-2.130141620823e-03
-2.136501967466e-02
-1.810845408985e+00
-1.733046184745e+00
-1.599156160498e+00
-1.789935722970e+00
-4.476478153453e-02
-1.679965016556e+00
8.413109430890e-01
1.811643582087e+00
1.807656676805e+00
-1.810216779540e+00
1.576994549686e-02
3.245265936083e-03
1.733373611274e+00
-2.230848041329e-02
-8.512650745470e-01
8.899265193380e-01
-3.305228186392e-01
-8.806520478157e-01
-1.840542622452e+00
-8.588029919590e-01
1.469809798933e-01
1.808773883327e+00
4.334003044567e-03
-3.953352972428e-02
9.250242359321e-01
-3.074235411926e-02
-1.761805727680e-02
-2.222387858211e+00
-8.833058924564e-01
-3.222276724719e+00
1.668140695265e+00
2.695095901846e+00
1.066889049863e+00
8.937180051053e-01
9.296586139047e-01
1.813247644737e+00
1.784439610371e+00
8.239939651048e-01
4.942028572661e-02
9.124509481769e-01
8.022031041417e-01
1.297915949735e-02
7.281645540387e-02
9.247211660251e-01
-1.254518478940e-01
-9.519047033766e-01
-8.334430486086e-01
8.157874293206e-01
1.796835920659e+00
-9.171956739692e-01
-9.148484547253e-01
-1.716556642558e+00
-2.041019478413e-01
-9.534755389874e-01
-4.467635659821e-01
8.887332033958e-01
3.559406641117e+00
-8.954392427688e-01
-2.410159591251e+00
-1.634533003754e+00
3.142684425988e-02
-9.519469373648e-01
9.451696849755e-01
9.318624611988e-01
1.752966333389e+00
1.769241387361e+00
2.551396444272e+00
2.578163996768e+00
2.254743163178e-02
2.720899634970e+00
7.821274564908e-01
8.872996903612e-01
-8.744639045201e-01
2.722799377000e-02
-1.826238095221e+00
-8.957900306971e-01
-4.583702359836e-02
4.359678447036e-02
-1.780348606934e+00
-1.090076420346e+00
-1.795426955384e+00
-9.303581188831e-01
2.057973989178e-02
1.814914709880e+00
2.408835394940e-02
-9.109258755357e-01
2.675324408034e+00
2.557261038585e+00
1.796829510276e+00
1.763653445758e+00
4.628866731457e-02
-1.700598199097e+00
-2.722994865842e+00
-6.298555518080e-02
3.304910437842e-02
1.786207252961e+00
-4.082433853219e-02
8.529064304867e-01
8.661689596914e-01
-9.193268817825e-01
-8.580222060957e-01
-1.700949410483e-01
-1.818997601408e+00
6.174368671963e-02
-3.781781556063e-02
9.072357333622e-01
2.752931331353e+00
9.678034055464e-01
8.535543986217e-01
-1.032272745885e+00
9.533043818368e-01
9.082875517580e-01
1.559085796895e+00
-9.637467713597e-01
-8.684577893282e-01
1.211824324793e+00
-1.413966048260e+00
-3.669959842301e-02
5.633420327452e-02
-9.140779128960e-01
-8.997621533351e-01
1.309841688642e+00
-6.078827487908e-01
7.141622158505e-01
-1.013535434978e-02
-1.624850212124e+00
-2.701347411922e+00
-8.896853052822e-01
-4.027023916042e-02
-8.718187352075e-01
-9.012261341892e-01
7.864671316684e-01
-9.762947448747e-04
-1.793244128773e+00
9.331947270088e-01
-5.367670456269e-03
2.658684664140e-02
-2.470183652444e+00
1.840610000144e+00
1.792654787840e+00
-1.828735422489e+00
-1.744011253836e+00
-1.349372367190e+00
1.897110545774e-02
6.878898564782e-01
9.141227920411e-01
1.505610558921e+00
-1.791943641149e+00
-9.226718698370e-01
-1.552583453729e+00
-8.993369997823e-01
-2.785407372191e-01
-1.630170479856e-02
9.053526963154e-01
1.292838900250e+00
2.770868198431e+00
9.870725428163e-01
9.301020915415e-01
1.831034568688e+00
-9.155185764344e-01
9.098213872067e-01
-1.849996774840e+00
-3.566001091547e+00
2.744839179451e-02
5.075468667908e-03
4.836882687287e-01
1.479353320817e+00
