-9.190269470935e-01
-2.493141546432e+00
2.399931753751e+00
2.108433080855e-01
1.853633457106e+00
-8.081592750507e-01
-2.659686617554e+00
1.112583934786e-02
-4.247281372826e-01
-8.967111929248e-01
8.438744846047e-01
-7.240897916644e-02
1.156081601446e-01
-1.015142995180e-02
-1.812374713280e+00
2.679347194104e+00
1.089014061086e-01
1.186301667385e-02
-5.245780038817e-01
-1.958958136389e+00
-7.242157729359e-01
-7.282576520587e-03
8.419783777262e-01
6.884170054923e-01
-1.663425485548e+00
1.352677416957e+00
2.975582891788e-02
-8.165039151854e-01
-2.982399251016e-01
1.891387395830e+00
-2.889989392566e-02
-1.233843478342e+00
-1.510534853248e-02
-1.600056980283e+00
8.376074032108e-01
9.628273030147e-01
-2.735404543633e-01
-8.297356802510e-01
-5.351157233218e-02
1.828564542234e+00
-1.799323565560e+00
-9.710989534886e-01
-2.496320209552e+00
-2.598666325008e+00
-8.010863999083e-01
-9.447180298893e-02
-2.626451380606e+00
-2.558402084663e-02
-9.284198736080e-01
9.240027493547e-01
8.157008084290e-01
-9.153623952190e-01
-2.560705202692e+00
-2.780641565556e-02
-4.643066347508e-02
9.264180783429e-01
-1.419647836150e+00
9.049426823169e-03
6.463200847973e-01
-2.666576170817e+00
-9.351274240205e-02
7.355407513970e-01
1.029922636801e+00
-9.758575817816e-03
-8.262857757798e-02
-3.256553307518e-01
8.902858721449e-01
-8.719131682852e-01
-2.689889691553e+00
-4.303562925212e+00
-1.114433969670e+00
1.718262996788e-02
9.599270703793e-01
8.456924697345e-01
1.799623059102e+00
8.165647664686e-01
1.779357259238e+00
2.560449153084e+00
3.772961965888e-01
8.997141096112e-01
9.513932305478e-01
1.794749214014e+00
3.143732367849e+00
1.038695055988e+00
-1.785356895688e+00
-8.691476625640e-01
-1.671354497150e+00
6.387437580828e-02
-8.521804267027e-01
1.656149490599e+00
1.686797854713e+00
4.010593280624e-01
4.535394281935e-01
-8.755533982533e-01
8.572746910171e-01
1.803314361584e+00
-8.605417031436e-01
8.963317006789e-01
8.935351120581e-01
-7.887191155211e-03
8.726592406253e-01
-1.199884959744e-02
-2.374406831306e+00
9.593176588210e-01
-1.768088073862e+00
-8.419762501612e-01
-2.068493847837e-02
8.451718729990e-01
-3.451627708749e-02
-7.898952758546e-01
-2.701319995622e-01
9.047388044219e-01
8.182665975262e-03
-1.826954283140e+00
-3.418429399608e+00
9.357297401964e-03
-9.125962934411e-01
5.437918132407e-02
-1.527486774918e+00
-1.601556649925e+00
-1.824102604805e+00
-8.917037937505e-01
-2.501481698971e+00
-1.490546260879e-01
8.845775671896e-01
1.044052877257e+00
9.160032923766e-01
1.574367595475e+00
1.827892547348e+00
-8.451377638140e-01
8.975027127612e-01
2.660012923450e+00
-7.861927314342e-01
1.055771515809e-01
-3.395785849470e+00
-8.844490783776e-01
7.089465827566e-02
2.980319605331e-02
-1.756034233366e+00
-9.266400352958e-01
2.107266965584e-02
1.990667978646e-02
-9.529903878731e-01
4.611149790573e-02
5.936879868185e-02
-2.339525025084e-02
8.642119027903e-01
-8.072125506543e-01
8.434859064380e-01
-8.269434480879e-01
-8.048857878473e-02
-1.876501290002e+00
-1.441382597779e-02
1.812352045199e-02
-9.701066843962e-01
1.469404195134e-01
-1.868513701722e-02
2.436720064089e+00
3.380906978659e+00
8.893323680955e-01
-3.505413112502e-04
-9.250004495604e-01
-2.617086440366e+00
-9.067786367719e-01
2.088089706395e-02
1.672891805108e+00
-9.206383194376e-01
-1.033699935700e+00
-1.692932616493e+00
-3.152378061417e-02
-1.797588748291e+00
8.547539165995e-01
8.870367304277e-01
7.794554754892e-01
-8.957073736492e-02
-1.420032049366e+00
1.976085390513e+00
6.829874569429e-01
8.622074435742e-01
1.703236033582e+00
7.243412947589e-02
1.789215660762e+00
-2.197790024960e-02
8.568077786924e-01
-8.550745156797e-01
5.667526860537e-01
9.572313416292e-01
-1.601964306018e+00
-2.500333850349e-02
6.475665918625e-03
-1.812633655794e+00
-1.831449566117e+00
-2.683878821300e+00
-1.880287878744e+00
-8.980350557510e-01
-9.040306208685e-01
-8.540651620913e-04
5.284071903247e-03
2.967099834040e-01
9.922293285367e-03
-8.028717790039e-01
3.036973754999e-01
-5.482844294645e-03
-2.822463893777e-02
-2.615575901570e-02
9.010684386534e-01
9.041394514112e-01
8.293505186345e-01
-7.717369039313e-01
3.871970536408e-01
1.699767886206e+00
-1.037586139057e-02
2.583897752926e-01
-5.034535862824e-02
2.537142349229e+00
-1.821279481978e+00
-2.110225611232e-01
-2.714165053104e+00
1.689568773404e-02
-6.547411830605e-01
-2.019486350549e-02
-4.728091825497e-03
1.689441374717e+00
5.222279707661e-02
-8.107213405042e-01
8.488605445750e-01
8.986301283620e-01
-1.762796286190e+00
8.960752495287e-01
-6.053329431244e-02
-7.674270571446e-01
1.049437710838e+00
-8.578143704498e-01
8.109418726528e-01
-8.830795598362e-01
8.453242763263e-01
1.786883320948e-03
-8.996388554746e-01
1.823645772781e+00
8.573965583961e-01
1.711392091078e+00
3.424142223909e-01
-4.631484384927e-02
-9.245852751945e-01
1.168684793655e-01
1.644698206890e+00
-8.628907525736e-01
-8.731051066832e-01
1.512215142237e-02
-9.062332047755e-01
-9.266665135171e-01
-1.840935472279e+00
-1.740448326398e+00
-1.674791582966e-02
8.996946652033e-01
1.799615218616e+00
6.647659957184e-03
8.995557814268e-01
2.544038261117e+00
8.169290894356e-01
-4.775758308131e-02
-1.527362064022e+00
-1.769846167151e+00
-7.080339544404e-01
-9.621663655687e-01
5.742156633497e-02
9.066153610385e-01
6.540800756666e-01
-9.946591522172e-01
-9.261774387735e-01
-2.550293437384e+00
-1.058075644991e-01
-1.248651202011e+00
1.764517582673e+00
7.459453482961e-01
-8.219838066278e-01
-1.168192945935e+00
1.525417606938e-01
-8.766745044450e-03
1.827791079388e+00
9.314966912335e-01
-9.062599938577e-01
7.003073664379e-03
9.239245985169e-01
8.945880112108e-01
-1.426453879788e+00
-9.149163728879e-01
-1.250118355451e-01
2.577581844478e+00
9.696108376759e-01
8.967309469113e-01
9.068430688327e-01
9.514128862497e-01
-1.768244559562e+00
1.261548134917e-01
1.655271637737e+00
-1.830481260265e+00
9.897964001942e-01
8.123454349004e-01
-8.502060129774e-01
-5.795153334129e-02
8.523904817996e-01
-9.104565228805e-01
1.608060005994e+00
1.836000666711e+00
8.876523688342e-01
1.132439884741e-02
-9.231954577184e-01
6.726549795245e-01
1.021786352906e+00
-5.949454844725e-02
8.780868226692e-01
8.211919692900e-02
7.756763833849e-01
1.658264772673e+00
8.074747276848e-01
-1.328539710304e-02
-2.154168076999e+00
8.871679938001e-01
-1.778679980904e+00
8.231245795326e-01
-1.717238084681e+00
1.174389839126e-02
8.586679266947e-01
9.267107725540e-01
-1.854713879876e+00
-2.303249496874e-02
8.387560408512e-01
1.023125227868e-01
1.759822602131e+00
1.824491880305e+00
-6.262394329599e-01
-2.079548198217e+00
9.995232467618e-02
9.342751059772e-01
3.409953977828e-02
-3.580088095532e+00
-8.935072591703e-01
-5.035272494089e-01
1.587050102729e+00
8.343295102144e-01
1.198308403058e+00
1.238050964042e-01
1.799305973947e+00
-8.139855301533e-01
8.578093744619e-01
8.742951446672e-01
1.275436090694e-03
-8.627957044699e-01
-8.600511798859e-01
-8.923540475205e-01
-8.516144089344e-01
-1.969639306960e-02
1.670794280841e+00
-2.472628044230e+00
-1.580870638031e-01
-3.384301858032e+00
-1.880155010418e+00
-9.171313011613e-01
6.005666505557e-01
1.725804910323e+00
1.560173055891e+00
1.738472534813e-02
1.584201097443e+00
1.781544174653e+00
8.018381426334e-01
-9.491290090541e-01
1.785620257109e+00
8.544797302926e-01
-2.704240388301e+00
-1.776106218307e+00
-9.329882294871e-01
3.462214492917e-02
-2.103023438765e+00
-7.081513927941e-03
-1.770488443799e+00
-6.410686950495e-01
-9.924716228847e-02
-1.053392802146e+00
-5.211364513431e-02
-2.677212140819e+00
-1.750060710438e+00
-1.839585700225e+00
8.367728594711e-01
-2.412033170079e-04
8.756155529552e-01
-1.098073347430e-02
9.035997550130e-01
8.998240757396e-01
6.940620763573e-01
-8.655831814286e-01
2.132327562460e-01
-9.082928936255e-01
1.566082985624e-01
9.331277975325e-01
7.566571675774e-01
6.714584456839e-02
9.848374628021e-01
-1.459030973027e-01
5.809043111465e-02
9.243251750091e-01
-8.261087310111e-01
-2.046522237310e-02
2.895793164249e-02
-1.867178662143e+00
-1.647199481915e+00
9.123393809867e-01
-9.323602375553e-01
9.120559837188e-01
9.125953189460e-01
5.243679638429e-02
1.158264998297e+00
-7.109024510255e-01
1.776499420908e+00
2.650444554300e+00
-1.837770394979e+00
-2.539266777993e+00
-8.746265320086e-01
-8.943148777869e-01
-8.814051197214e-01
8.852786560091e-03
-8.995773589228e-01
-1.620789877586e+00
-4.820776128027e-02
1.594770108350e+00
-9.774778271628e-01
-3.618251429066e-02
3.781478871493e-03
8.771076984170e-01
7.755354425385e-01
8.926289277065e-01
5.937641389950e-01
1.454316814910e-02
1.513498437703e-01
1.006266721099e-01
-8.982408264059e-01
-8.975527421929e-01
1.838869731231e+00
-7.654854058197e-01
-9.374151437742e-01
-2.363541213569e-02
9.414009427073e-01
3.551311973437e+00
-2.708109064855e-01
9.035825345526e-01
-2.193194389242e-02
-9.195303895943e-01
3.615930719120e+00
2.862289728564e-02
8.873504598534e-01
-7.984486040940e-01
1.802698766284e+00
8.691456875496e-01
-7.684046411248e-01
2.167883913205e-02
5.759170506084e-02
8.177067370352e-01
7.957576630496e-01
-9.399955700808e-02
-3.636113480314e+00
-2.719491068943e+00
-9.190704527820e-01
8.859485256456e-01
1.800445708466e+00
-8.282720801969e-01
-8.375834293138e-02
9.183902575896e-01
-8.954520535504e-01
8.717076715347e-01
-5.031174368608e-03
2.402476783251e+00
8.311703552153e-01
2.732786901050e+00
-7.835328833224e-01
8.826458506742e-01
8.781047754318e-01
-9.584191540757e-01
-9.583522590387e-01
-1.787117442276e+00
-6.560479931389e-02
8.956211573431e-01
-9.520476405303e-01
9.462644574657e-01
-2.415659813986e+00
-9.161403450811e-03
-1.705635969095e+00
-8.611596255629e-01
1.021032333153e-01
-9.105509628117e-01
-8.941677018899e-01
-8.573493503124e-01
-1.730251627998e+00
-1.727428486120e+00
7.585085489050e-01
-1.831895248644e+00
-1.769683902416e+00
-9.198650488124e-01
-1.238818187102e-01
-9.339766201761e-01
5.254729248472e-02
-3.491368857098e-02
-1.079259991980e+00
-8.881684104866e-01
2.692178690360e-03
1.686243606197e+00
8.624436469999e-02
9.074015444544e-01
2.707015219330e+00
1.764114965762e+00
3.946480431483e-02
8.525447023960e-01
9.176217788279e-01
3.795097004728e-02
2.601071870684e+00
8.732316996337e-01
-9.408376455364e-01
9.715941765064e-01
1.952618831695e+00
7.676707132229e-01
1.612880445478e+00
1.796523145553e+00
-8.537494335057e-01
9.126499780807e-01
1.739393718741e+00
2.640988128023e+00
-1.709542289050e+00
1.710178293765e+00
2.296636252738e+00
-2.563187602435e-01
-9.153991278892e-01
1.199831890701e+00
1.646123772147e+00
1.783653806868e+00
-1.833309555082e+00
-6.003681934258e-01
-9.238031911105e-01
-1.459502614985e-02
-1.774957608021e+00
8.751012770441e-01
1.707268709912e+00
2.576236904700e+00
1.702966977743e+00
-1.052874269235e-01
-5.818104335489e-02
9.209284409779e-01
3.216432210125e-02
4.693416268661e-02
7.125224279660e-03
1.701574701624e+00
-7.250343147589e-01
1.724424754720e+00
9.111521368265e-01
9.421011878481e-01
8.437671870153e-01
-2.606664470524e+00
-7.678004238706e-01
-2.075235031743e-01
-6.968744906395e-02
9.097356417863e-01
2.634975619112e+00
2.697781143428e+00
-1.735301231221e+00
-7.929275575930e-01
1.816261565408e+00
8.277895427753e-01
-1.513331625821e+00
-3.302409040063e-02
-2.892400692091e-03
7.883845522480e-01
-1.492837689432e+00
7.969210863085e-01
-9.145704304371e-01
-8.947440033145e-01
-2.461208633014e-02
-2.988311823541e-02
-8.329217010234e-01
2.633631283689e-02
-1.797451400304e+00
-1.872828868432e-02
2.300216838280e-02
8.624974702898e-02
-3.324407485738e-02
1.564462831750e+00
-5.742684769692e-02
-1.702925282058e-02
-2.636685828111e+00
-1.113179436872e-01
-2.957175797454e-02
-9.332499233686e-01
8.566175609554e-01
8.361431646860e-01
8.561588976538e-01
3.252637756836e-01
1.192431998417e-02
3.937270009742e-01
-8.949015692496e-01
9.194706645023e-01
-1.197345445818e-01
-9.191518207329e-01
1.429843631279e+00
9.199432927310e-01
7.860753445257e-01
1.674417673031e-02
8.054609152213e-01
-5.329824063925e-03
2.259868854039e-02
-2.488298455349e-02
8.380039268569e-01
1.595635804213e-02
1.847990003387e+00
1.734379815871e+00
1.218058651709e+00
1.851324735747e+00
1.788503548277e+00
2.452697396083e-02
1.783893993607e+00
-4.532456015154e-02
-9.047004271573e-01
-2.599695361902e+00
-1.809284363158e+00
-2.311327846745e-01
1.006191125720e+00
-9.139668973047e-01
7.643226978640e-01
1.817927348786e+00
3.145264546640e-01
-7.430066856478e-01
-1.599681567824e+00
1.305018282701e-02
-8.992116713063e-01
-1.835429806219e+00
6.080584505266e-02
-9.450688151516e-01
1.830999074933e+00
-1.685001132703e+00
-2.768735042931e+00
-1.835066214711e+00
-1.754418108117e+00
-1.734145331129e+00
1.735552702385e-01
1.669342568960e+00
1.789160251707e-02
8.632276071256e-01
-8.358780277774e-01
2.589154071455e-01
2.734810507035e-02
2.546519588306e-02
-8.520307245378e-01
-9.162752406858e-01
1.143721695666e+00
1.822956833659e+00
9.435155801331e-01
8.379612348234e-01
-2.488835799204e-01
-9.166081530600e-01
-2.509490602197e+00
-9.278437649091e-01
8.465385884685e-01
-3.313784724988e-01
7.984760404235e-02
-1.861068689447e-01
7.952646522381e-01
3.640334355441e-03
9.457576763695e-01
8.640277437778e-01
9.143727619297e-01
-1.120545579249e-02
-9.101051813802e-01
-2.882388331049e-02
-8.922034873208e-01
-9.020634758085e-01
-2.144930687700e+00
1.053068505618e+00
1.800674262490e+00
8.687911798295e-01
2.608185356511e-01
8.287901701387e-01
-2.228987097802e-01
4.466657121334e-02
6.939535359921e-01
3.970440929707e-02
1.229218310142e-01
9.207040224073e-01
8.545762801242e-01
1.834860618194e+00
2.868010538576e+00
4.897579856270e-02
-8.941517100066e-01
9.159633310342e-01
1.719837943460e+00
9.105209939327e-01
9.194741560213e-02
9.136799740349e-01
1.452806027836e-01
-1.762813700186e+00
7.336946417003e-01
1.593986138370e+00
-8.327204348871e-01
8.759692889376e-01
9.754240730709e-01
1.268968368204e+00
1.709183965245e+00
1.622832143015e-01
7.091300353450e-01
9.273906921971e-01
1.241103116746e-01
-9.065847949674e-01
6.548170387871e-01
-9.517801873326e-01
-1.800573417046e+00
2.874170067936e-02
-8.811257342479e-01
-7.736752521878e-01
-9.577113900452e-01
-2.652310817285e+00
-7.833193229928e-01
-1.863328384158e+00
-1.795282725121e+00
-1.873750620127e-01
6.212996856632e-02
-3.792366564502e-02
8.647597318410e-01
1.764256295098e+00
1.798744108440e+00
-8.454088300407e-03
1.527426817978e-02
8.176910799520e-02
-2.769267271164e-02
1.745901571002e+00
-8.554783159963e-01
-1.024098101798e+00
-1.813489458228e+00
-1.672846869655e+00
1.795844180980e+00
-6.306924576076e-03
5.308621424338e-03
1.654419142271e+00
8.889319283870e-01
-8.698734575354e-01
7.495946648896e-01
-1.797499233534e+00
-2.693188765765e+00
-3.085520607084e-01
-4.361464038537e-02
1.798473726206e+00
1.093539987996e-03
-6.995726225654e-01
1.644602964066e-03
-1.747208115368e+00
1.711609424390e-02
9.242033542258e-02
2.588332582248e+00
1.397557288583e-01
8.415553836866e-01
9.042799924424e-02
9.136060869161e-01
-7.474258299605e-02
2.636072202630e-02
8.646160134684e-01
8.736628692775e-01
-8.833195168801e-01
1.959463971334e-02
-2.336517052678e-02
1.757479202629e+00
-8.464584307880e-01
1.568453316684e+00
-3.556357445266e+00
-1.562274768644e+00
8.174556295111e-01
9.182124334690e-01
-9.178236811630e-01
-2.173577951696e-01
-9.959867388900e-03
-1.791256893934e+00
-1.741881748927e+00
-1.682357978804e+00
6.248692898139e-01
-1.696804362857e+00
-4.495055593540e-02
-8.925296373863e-01
2.450009503641e-02
-6.479153657788e-02
8.582933137930e-01
-2.732658519900e+00
1.796417415523e+00
8.342134727112e-01
-8.578850518800e-01
-1.484412646681e+00
1.664062922920e+00
7.866639298293e-02
-8.592267972257e-01
-7.480455466957e-01
6.374893965927e-01
-3.643506767974e-01
-7.364339902727e-01
-2.865526741866e+00
1.610084706932e+00
9.022404802701e-01
-3.187551091897e-02
2.043657681064e-02
-8.561672812022e-01
8.510268690872e-01
9.011513400598e-01
-6.139983514111e-03
1.676395305147e-02
-1.790556856432e+00
-7.717281087679e-01
8.985059355783e-01
1.800880605715e+00
-8.375937290467e-01
8.763964282270e-01
-2.765731129616e-02
2.950180239487e-03
-2.941065487264e-02
-1.797020274061e+00
-1.703591807545e+00
-1.575789493779e+00
-1.767703013125e+00
-4.647085882262e-02
-1.627546179144e+00
8.292386547923e-01
1.794996570128e+00
1.796138791611e+00
-1.792757774732e+00
1.821815928172e-02
3.843932677311e-04
1.707764113552e+00
-4.650082466704e-02
-8.238680256663e-01
8.807741790216e-01
-2.896944719818e-01
-9.081709058523e-01
-1.826774826513e+00
-7.246085488844e-01
1.390537646067e-01
1.799296124338e+00
4.149240764404e-03
-4.680591308360e-02
9.169923841520e-01
-3.479707095125e-02
-2.083677530845e-02
-2.347685874643e+00
-8.793160158982e-01
-3.204937244976e+00
1.659317824698e+00
2.669016008765e+00
1.070496555206e+00
8.774930277402e-01
9.236494163424e-01
1.798924717555e+00
1.768589398614e+00
9.033590213644e-01
5.434445410021e-02
9.248363883604e-01
7.828374192484e-01
1.003463126823e-02
8.987716812290e-02
9.198031569962e-01
-1.725424067104e-01
-9.962030703967e-01
-8.175242016052e-01
7.975053219387e-01
1.762938642655e+00
-9.025694411985e-01
-9.038281351138e-01
-1.688760180246e+00
-2.081249456656e-01
-9.456490210485e-01
-5.443551045850e-01
8.772752344070e-01
3.529278832313e+00
-8.882844224141e-01
-2.416596011644e+00
-1.639214338995e+00
1.853401052992e-02
-9.443522929996e-01
9.400601505042e-01
9.089415040260e-01
1.737139458888e+00
1.786773031835e+00
2.526274607955e+00
2.548729776679e+00
2.992720950554e-02
2.694276305822e+00
7.903355837939e-01
8.733825388220e-01
-7.287338029915e-01
3.193804559760e-02
-1.810606333797e+00
-8.921981885831e-01
-4.994683766812e-02
8.427978006882e-02
-1.770209652610e+00
-1.277671013535e+00
-1.787208327244e+00
-9.286019488119e-01
2.724940016608e-02
1.796453034661e+00
2.094371415349e-02
-9.041886172232e-01
2.654323009125e+00
2.525007816544e+00
1.777643296104e+00
1.748079228817e+00
4.801987437450e-02
-1.678139751836e+00
-2.706581791652e+00
-7.299326246565e-02
6.287632113496e-02
1.769275178295e+00
-3.713565635843e-02
8.350161922557e-01
8.566770198836e-01
-8.881482516765e-01
-8.488705075891e-01
-1.599904306282e-01
-1.806573105134e+00
6.487671481585e-02
-1.302891465910e-01
8.957950823958e-01
2.726676165719e+00
9.395462476955e-01
8.492071487985e-01
-1.042394347755e+00
9.525346583658e-01
8.938161783296e-01
1.540228691892e+00
-9.469509508464e-01
-8.486982400798e-01
1.087870593021e+00
-1.460595230499e+00
-4.580746107838e-02
6.257049056570e-02
-9.006673855355e-01
-8.919750773655e-01
1.423137892102e+00
-6.114819578466e-01
6.894838397204e-01
-9.500759742590e-03
-1.565743584107e+00
-2.653948766218e+00
-8.860770475839e-01
-5.846513395149e-02
-8.513356961264e-01
-8.960591778911e-01
7.706849185604e-01
-8.083229183250e-03
-1.783229755740e+00
9.303776015820e-01
-5.631901170817e-03
3.841536435718e-02
-2.466255069291e+00
1.829404924229e+00
1.773253417113e+00
-1.821385540947e+00
-1.740365253257e+00
-1.438420601802e+00
2.313164010599e-02
5.312450164989e-01
9.072291898407e-01
1.503973765113e+00
-1.775679103781e+00
-9.187088358984e-01
-1.507890487806e+00
-8.871717252330e-01
-2.667596582793e-01
-1.679918711904e-02
9.043838770508e-01
1.412293637697e+00
2.749243753371e+00
9.813543797620e-01
9.170024507677e-01
1.819401196674e+00
-9.166662637655e-01
9.031201434591e-01
-1.834075067689e+00
-3.497873483360e+00
3.233323177817e-02
8.635013238317e-04
3.587031394599e-01
1.507733798824e+00
