-8.417552053062e-01
-1.979407848627e+00
2.166350614659e+00
2.051677441409e-01
1.673056976113e+00
-6.112464091084e-01
-2.283951933371e+00
7.409692307839e-02
-4.353931521745e-02
-7.943996179531e-01
7.766455726189e-01
-2.283322390804e-01
4.268972697858e-02
-8.828929414129e-02
-1.064503231229e+00
2.477033796063e+00
1.553793930760e-01
1.724170627014e-02
-3.618817588325e-01
-1.794496707067e+00
-6.039653987566e-01
-6.989351715982e-02
6.186443416838e-01
6.032621181115e-01
-1.070381908975e+00
1.158775143591e+00
2.843875187271e-01
-7.710563400514e-01
-6.915569472217e-02
1.981834227532e+00
7.790585376220e-02
-1.142096718097e+00
1.637215900875e-01
-1.242421360670e+00
7.259118544050e-01
1.222883458657e+00
-4.417025865194e-01
-5.268039857961e-01
5.714562792090e-02
2.087065284492e+00
-1.446041353525e+00
-9.083467979330e-01
-2.128873087395e+00
-2.487823783666e+00
-5.571338897574e-01
-2.103102852150e-02
-2.325758760845e+00
5.715805825018e-02
-8.936934514946e-01
3.040876779897e-01
1.018148667345e+00
-8.192466564837e-01
-1.708626712967e+00
-4.217525501384e-01
-2.202716422323e-01
8.523253908029e-01
-9.057779741594e-01
5.908879213725e-02
4.536334639459e-01
-2.178271461518e+00
-2.771556465378e-01
4.844395811898e-01
9.881842004869e-01
-6.318394344231e-02
-9.618093660511e-02
-2.475748223745e-01
4.423098351657e-01
-8.131312162547e-01
-1.576783274574e+00
-4.079805245377e+00
-1.309567394621e+00
5.965848821136e-02
1.163698912927e+00
5.273112849160e-01
1.561559066202e+00
4.469876059769e-01
1.506029722525e+00
2.244055975356e+00
4.158536653272e-01
8.207049773548e-01
9.933541672155e-01
1.593427495000e+00
2.817637265524e+00
1.221845660986e+00
-1.477880555412e+00
-7.770178517722e-01
-1.761271669390e+00
1.459520922618e-01
-3.004974888982e-01
1.666359004204e+00
1.589712269857e+00
1.190775709782e-01
8.029498311138e-01
-6.674187651776e-01
8.744284057106e-01
1.617483676157e+00
-8.861830400426e-01
7.892740179229e-01
1.058266161166e+00
-2.314793637853e-01
1.037707630941e+00
6.877531041094e-02
-2.019025599365e+00
1.148209758248e+00
-1.979937474818e+00
-6.700726233505e-01
-2.702032511733e-02
5.007592730563e-01
6.732530677151e-03
-7.504453313278e-01
-8.638123639695e-02
9.001512169128e-01
-1.027382012247e-03
-1.702665159514e+00
-2.756409034101e+00
7.422076250208e-02
-8.824727163413e-01
2.441478338218e-01
-1.509500878936e+00
-1.148167062244e+00
-1.584370222482e+00
-7.578071046289e-01
-2.354333037678e+00
-6.403823903049e-01
7.614475645599e-01
1.340981176849e+00
7.757283599514e-01
8.261738146547e-01
1.559551435088e+00
-4.965930663277e-01
8.167691679337e-01
2.373642212964e+00
-6.941180770749e-01
1.550280378778e-01
-2.863479109080e+00
-8.309626082135e-01
5.690928748063e-01
1.726560738392e-01
-1.593383204756e+00
-6.523487995804e-01
7.119811313645e-02
2.310229617931e-02
-1.177187690305e+00
1.900765475601e-01
1.116280076609e-01
-1.463994299095e-01
5.401430636950e-01
-2.764893333569e-01
7.781481681108e-01
-3.189161518824e-01
-2.790310582626e-01
-2.073446810493e+00
-5.510158857288e-02
4.507188730541e-02
-6.849769645644e-01
6.246994708083e-01
-6.444552777882e-04
1.523980536657e+00
3.044267634206e+00
7.359074389449e-01
2.514103835934e-02
-8.738393137099e-01
-2.387279439412e+00
-8.053255600922e-01
-2.327713769876e-02
1.761158005388e+00
-6.952503241711e-01
-1.082897311177e+00
-1.301825080374e+00
-5.270682878885e-01
-1.935529869520e+00
5.342438038111e-01
6.988795949501e-01
6.889692401362e-01
-3.062104274660e-01
-1.382295179218e+00
1.761726173045e+00
6.624260435303e-01
6.621376902301e-01
1.971446329384e+00
5.480197806189e-02
1.858614885054e+00
1.371423831951e-01
8.213870310580e-01
-5.119346467467e-01
2.169179215176e-01
8.937153304823e-01
-1.260821806502e+00
-8.143381756623e-02
-1.176264902447e-01
-1.620543573471e+00
-1.670451491874e+00
-2.367824543256e+00
-1.613749352244e+00
-7.791750449583e-01
-7.406190366049e-01
-7.185483652808e-02
-2.400209651803e-01
6.228052463584e-01
3.624911483856e-01
-8.966998104496e-01
2.768792710318e-01
-6.353999474085e-02
-1.725783405717e-01
-5.636347890210e-02
7.382889472239e-01
7.704588344088e-01
6.155225518527e-01
-7.410010279939e-01
9.081129284811e-01
1.106965253006e+00
-1.332980836151e-01
1.866198542568e-01
-2.028263456103e-01
2.027316953046e+00
-1.542847094603e+00
-2.284129609039e-01
-2.714999545251e+00
1.226243846958e-01
-4.924352978786e-01
2.752659153947e-03
2.370911300400e-02
1.463698641149e+00
3.107785684625e-02
-5.531700632416e-01
7.449861671404e-01
8.686208074290e-01
-1.591578668245e+00
8.734319304579e-01
3.761091147761e-02
-6.580021853224e-01
7.752362510966e-01
-7.722163387884e-01
6.648270354028e-01
-6.668431405802e-01
6.490782973132e-01
2.121142810569e-01
-7.882751015819e-01
1.704188105978e+00
9.572479059980e-01
1.534039726005e+00
5.574571215925e-01
-1.860492075236e-03
-8.890714746059e-01
1.611818175880e-01
9.889137549748e-01
-5.746900337510e-01
-3.460141231930e-01
-3.585900584465e-01
-7.697157048573e-01
-5.747288881138e-01
-1.627151073137e+00
-1.518989314695e+00
-2.057336743059e-02
8.353435870625e-01
1.784910845859e+00
-1.121968359925e-03
7.960831328781e-01
2.145846387569e+00
1.171207818896e+00
-1.560356596129e-01
-1.291384870711e+00
-1.390022158585e+00
-2.477223426066e-01
-1.203323471475e+00
-2.376351379782e-02
1.034568580941e+00
6.000196790256e-01
-1.348235314716e+00
-7.852526664031e-01
-2.195421915511e+00
-7.080444902305e-01
-8.698204183873e-01
1.381317164701e+00
-4.120779145334e-01
-7.121564807689e-01
-1.151613190882e+00
9.475360967602e-02
2.189941394858e-01
1.696844784782e+00
9.648900782952e-01
-7.404166867251e-01
4.900897937995e-03
3.854724997308e-01
1.171512150475e+00
-1.341826808324e+00
-7.726677179049e-01
-1.714707543588e-01
2.164325494495e+00
1.133437417034e+00
7.887123362972e-01
1.137634413854e+00
9.638263546226e-01
-1.638621204952e+00
4.855031824340e-01
1.570992302481e+00
-1.686047642337e+00
1.030150366484e+00
7.902676984415e-01
-8.184386770186e-01
-2.160814178501e-01
1.294388675682e-01
-7.431703326876e-01
1.207911115723e+00
1.915657605420e+00
9.599005438790e-01
1.358285114748e-01
-1.176368469883e+00
2.585110174824e-01
9.983438784181e-01
-2.721161212493e-01
5.806921396137e-01
3.332426874865e-02
5.634076137550e-01
1.391563940949e+00
3.761984065476e-01
1.580432842151e-01
-1.992078897662e+00
7.250597848731e-01
-1.380547423174e+00
6.344155349401e-01
-1.335829935847e+00
-2.101418503162e-02
5.289566928747e-01
9.059212644905e-01
-1.898402265392e+00
3.030589527557e-02
5.022619797073e-01
2.012151008822e-01
1.578483211172e+00
1.764510277206e+00
-1.016684538570e+00
-1.708992333240e+00
3.383241471596e-01
8.855946568851e-01
-5.493048700347e-02
-2.826811665350e+00
-6.178245683524e-01
-2.699556067974e-01
1.386602334460e+00
5.902165948521e-01
1.355033883713e+00
-1.694525851673e-02
1.652143426430e+00
-4.223037929336e-01
7.687114994786e-01
8.581390184785e-01
-3.018815248154e-01
-8.770022617910e-01
-6.325854505937e-01
-1.132516572694e+00
-8.508653694578e-01
1.452147703450e-02
1.600313151446e+00
-1.952434379523e+00
-8.844497909398e-02
-3.058008059609e+00
-2.030529052798e+00
-9.219087858485e-01
5.660565345415e-01
1.534576148265e+00
1.077144278702e+00
7.137449524677e-03
1.549644435520e+00
1.357907224203e+00
4.659066312152e-01
-8.532939067398e-01
1.763447442953e+00
7.133847475549e-01
-2.430686901254e+00
-1.469516979436e+00
-8.447716170990e-01
-2.790848386065e-02
-1.811498126599e+00
-1.025439984222e-01
-1.581017224640e+00
-6.945072790930e-01
4.557959142811e-02
-1.082174059239e+00
-1.342273723770e-01
-2.323432933292e+00
-1.550935115687e+00
-1.626919928822e+00
3.955693984631e-01
-2.482641720865e-02
7.200917202317e-01
-1.652870415512e-01
8.146015288509e-01
6.994941723778e-01
7.569528035683e-01
-8.772996428768e-01
6.334909972594e-01
-1.484576750855e+00
7.128282824665e-01
8.270553396043e-01
3.340294477435e-01
2.210292318791e-02
8.268717218973e-01
-6.612285653309e-01
1.170573338617e-01
8.557535773785e-01
-7.232949962978e-01
-3.006019761675e-01
8.680368209981e-02
-1.821218662048e+00
-1.563335057052e+00
8.037004295617e-01
-8.047510455420e-01
1.133113317962e+00
8.722838827459e-01
-1.517086798017e-02
1.213268552670e+00
-4.699706300761e-01
1.546872843951e+00
2.309848127737e+00
-1.616930855173e+00
-1.940397913413e+00
-4.926763232131e-01
-8.793937811389e-01
-9.064723519274e-01
5.501096693778e-02
-7.788350865366e-01
-1.264728755592e+00
3.685437577523e-01
1.217579176104e+00
-1.164947381579e+00
-6.641662543212e-02
-3.737377989318e-01
8.822279153617e-01
6.146041065882e-01
9.948381937717e-01
7.635136019731e-01
1.802053930573e-01
6.959971193260e-01
5.015268884986e-01
-4.545910904904e-01
-6.537873737578e-01
1.720486765657e+00
-7.260716360519e-01
-1.126503520012e+00
2.759252287990e-02
9.790011933371e-01
3.344005060176e+00
-5.699634345252e-01
9.577622723905e-01
3.844988767868e-02
-8.404743830291e-01
3.233961711950e+00
1.660769622933e-01
5.846234166990e-01
-5.720261560581e-01
1.860618149342e+00
7.258267190180e-01
-5.047432340467e-01
2.061052971613e-01
1.292383051125e-01
8.115394322617e-01
6.742768254551e-01
-5.087085048745e-02
-2.978649318548e+00
-2.371692240238e+00
-8.158308956613e-01
7.247419789911e-01
1.575485320854e+00
-2.280456054027e-01
-2.250845462861e-01
7.927786499076e-01
-6.947473605899e-01
6.072454946419e-01
-1.749658810593e-01
2.191395857617e+00
3.706782150564e-01
2.101542414773e+00
-7.281975067442e-01
7.804941702400e-01
8.102511113079e-01
-8.957180801547e-01
-9.902719544718e-01
-1.473278518862e+00
-6.600427581864e-01
7.048642205738e-01
-9.209346671858e-01
8.744639358637e-01
-2.252459301528e+00
2.755432968999e-02
-1.356857788783e+00
-6.454764075443e-01
6.074423594327e-02
-8.392365343224e-01
-8.005095053363e-01
-9.137475310974e-01
-7.025442268396e-01
-1.486814453058e+00
6.708034815984e-01
-1.677872769894e+00
-1.392228444056e+00
-6.824398084355e-01
5.638068002466e-01
-8.320001806015e-01
1.684777686033e-01
-2.551876199358e-01
-1.512719380456e+00
-7.266300522999e-01
-4.011406907087e-02
1.547634162622e+00
-8.093460047163e-01
5.609117120412e-01
2.411347620068e+00
1.088749558355e+00
4.074955340622e-02
7.937441971452e-01
9.226210167009e-01
9.369454304660e-02
1.555750930986e+00
8.387364863980e-01
-9.122270530002e-01
1.058070090530e+00
2.124552348985e+00
7.470379062444e-01
8.385423975022e-01
1.403855584263e+00
-6.798248309297e-01
9.005897999049e-01
1.439765226710e+00
2.333152211542e+00
-1.730948121864e+00
1.387814450068e+00
2.260069198726e+00
3.226618128392e-01
-7.415607407024e-01
1.298959680206e+00
1.208463807461e+00
1.568228603650e+00
-1.490552787954e+00
-7.737510889096e-01
-9.920533345384e-01
-1.790479341550e-02
-1.569194046438e+00
6.863143411584e-01
1.563046900335e+00
2.407285896040e+00
1.329533486274e+00
-1.941524324702e-01
-5.794837500528e-02
5.742132644769e-01
1.210321872867e-01
-1.398857775646e-01
-1.025582006024e-01
1.557385088051e+00
-6.300562968847e-01
1.345785878633e+00
3.700031306181e-01
1.133870208092e+00
7.565427479731e-01
-2.429347794491e+00
-1.133363821415e-01
1.280485502454e-01
-7.690547545218e-02
8.385167851535e-01
2.397941167830e+00
3.026842661475e+00
-1.528279402010e+00
-7.599744628862e-01
1.713435972891e+00
9.945265783500e-01
-1.341251837656e+00
-3.288715575243e-02
-2.032640907601e-01
8.207112451456e-01
-1.129285178884e+00
4.989708364988e-01
-6.921865610320e-01
-6.226843822696e-01
1.018391534480e-01
-5.173908292645e-02
-7.857894290279e-01
1.366509216907e-01
-1.528977774686e+00
6.623106118285e-02
6.817868742724e-02
6.111216047045e-02
3.538245498561e-02
1.490351724591e+00
1.478047136484e-01
-7.333273682583e-02
-2.316997287767e+00
-2.740026346829e-01
8.280342532931e-02
-8.640047153873e-01
7.016599307565e-01
7.745109517540e-01
7.249511076020e-01
6.526224009505e-01
8.518390689474e-02
5.412343690960e-01
-6.233394915292e-01
8.432083492473e-01
-1.165455375738e-01
-9.867014436186e-01
1.209096610535e+00
7.785795051754e-01
7.752700466196e-01
8.065721459993e-02
5.674698297926e-01
-7.136106810204e-02
-5.069679997156e-01
-9.502961848502e-02
3.422235740034e-01
3.965471603128e-02
2.048007196445e+00
1.550141848456e+00
8.604576190446e-01
1.629135148774e+00
1.710053782926e+00
6.015447817729e-01
1.882181007643e+00
-3.862790308154e-01
-7.004525938760e-01
-1.833178772524e+00
-1.680337863516e+00
2.040616833514e-02
1.275546359283e+00
-6.596928509230e-01
1.018357760656e+00
1.773070893705e+00
1.042456349656e-01
-7.344886682039e-01
-1.660856207910e+00
1.337701382200e-01
-6.727097477725e-01
-1.342453225898e+00
1.652328554436e-01
-9.994172436548e-01
1.653682478263e+00
-1.081392719421e+00
-2.287986441237e+00
-1.491876829992e+00
-1.106993961071e+00
-1.307358324675e+00
1.879367495837e-01
1.492931934903e+00
2.317787954064e-01
7.738052022781e-01
-6.861315341425e-01
3.944677847898e-01
9.198887135058e-02
2.568074716055e-01
-5.572595777703e-01
-8.961653369805e-01
1.155891203847e+00
2.119660063336e+00
8.817514595450e-01
4.367585288976e-01
-1.956267514114e-01
-1.051888101535e+00
-2.140038237511e+00
-1.066332999616e+00
7.857728390426e-01
-1.772459296871e-01
-1.503680836642e-02
-5.074136724601e-02
7.242631698642e-01
-3.682036068404e-02
8.627018818588e-01
8.929922071331e-01
9.425854799762e-01
5.997088573526e-03
-1.106218912173e+00
-1.429488232236e-01
-7.825706658264e-01
-7.760480860764e-01
-2.050900463567e+00
8.589938601253e-01
1.428978847115e+00
7.964227087800e-01
2.991998917213e-01
8.855599600382e-01
-1.037132771609e-01
8.055055276460e-03
5.580126713815e-01
2.202568477310e-01
4.740232155902e-01
8.480652550353e-01
7.421314236302e-01
1.554815090621e+00
2.876621633495e+00
8.729945527191e-02
-1.530754652673e+00
9.108137701418e-01
1.378071418225e+00
7.808482403788e-01
8.430970760736e-02
7.852137795090e-01
4.203929737764e-01
-1.628330399519e+00
5.037719052936e-01
1.186120694600e+00
-5.496333520115e-01
1.167489743979e+00
1.404797510880e+00
1.324973279622e+00
1.511333289676e+00
5.474017099706e-01
1.668575691117e-01
1.024292549108e+00
6.491497146752e-02
-4.311904232693e-01
5.980645257171e-01
-6.720988530142e-01
-1.663777605109e+00
-7.472920964767e-02
-5.844046573690e-01
-8.791918016110e-01
-7.589879236208e-01
-2.385451681314e+00
-8.164652304887e-01
-2.086652434241e+00
-1.477625596670e+00
-1.197121596716e-01
7.527119793595e-02
-2.208990546728e-01
6.315515481712e-01
1.592386147026e+00
1.687023562034e+00
-4.297942769744e-02
-3.922422249802e-03
1.768491351022e-01
-2.150050979382e-01
1.317528149514e+00
-3.735876618925e-01
-9.885311090833e-01
-1.491131568062e+00
-1.323073579148e+00
1.585534521918e+00
-4.693291421244e-02
1.242611088355e-01
1.261114515490e+00
8.201779417661e-01
-4.299827248879e-01
5.907815339507e-01
-1.727298582510e+00
-2.407461462838e+00
-4.293729314774e-01
-1.865763865430e-01
1.613273479039e+00
-3.928491647934e-01
-4.428130196248e-01
-8.773150362040e-02
-1.396032616440e+00
2.316777002710e-02
2.157465074251e-02
2.256143611737e+00
1.968379929325e-01
4.270098401739e-01
7.921787863096e-02
7.960969941791e-01
-1.175882926623e-01
9.858151362058e-02
8.993249873166e-01
8.372615639318e-01
-6.369176470509e-01
2.944563140163e-01
-1.720886886124e-02
2.116551462708e+00
-1.042667105359e+00
1.356342888891e+00
-3.167489052575e+00
-1.028721011362e+00
6.257921734819e-01
8.921703600984e-01
-5.801483303220e-01
-3.028990907368e-01
-2.336533769668e-02
-1.757925589951e+00
-1.827607045297e+00
-1.095851039133e+00
9.126315520721e-01
-1.448345151773e+00
-7.940940936454e-02
-7.553390355446e-01
-1.670961331231e-01
-1.350368305867e-01
7.660918177363e-01
-2.328763863927e+00
1.887688565628e+00
7.588564302388e-01
-1.146959467852e+00
-8.832192298286e-01
1.638064649131e+00
5.535509125787e-01
-8.329180775856e-01
-6.444252824755e-01
3.029807781978e-01
-7.225156533139e-01
-4.799514289739e-01
-2.251006287450e+00
9.533920656807e-01
8.524449837729e-01
1.195876479427e-01
2.995269253324e-02
-6.414186360023e-01
7.242791824710e-01
7.269001738281e-01
2.203264539132e-02
5.873191383845e-01
-1.402358968705e+00
-6.906640299973e-01
7.975745795603e-01
1.746021879678e+00
-6.060284057316e-01
1.284661749201e+00
-3.644194819764e-02
1.097598329213e-01
-1.110012843201e-01
-1.476921902241e+00
-1.417895641703e+00
-1.254498266951e+00
-1.067636702794e+00
-7.019096265284e-02
-7.671684830909e-01
7.733293887055e-01
1.560317152687e+00
1.664317736846e+00
-1.750803390922e+00
2.907155576804e-02
-6.693760873533e-02
8.262341907263e-01
-3.642661448973e-01
-6.577306914767e-01
7.436679197244e-01
-3.937026350448e-02
-1.641041701045e+00
-1.537525808269e+00
-2.041915494242e-01
1.674688581174e-01
1.745108132129e+00
-4.749835615937e-02
3.380472701165e-01
8.352825168279e-01
-4.436816171370e-01
-7.011053971446e-02
-2.111898850486e+00
-8.531834175569e-01
-2.790191702738e+00
1.654057405569e+00
2.460218021785e+00
1.464122959479e+00
1.088999345198e+00
8.030163900021e-01
1.559620715475e+00
1.444368917225e+00
1.011167833898e+00
7.652144941488e-02
1.063347875774e+00
6.086833556256e-01
-6.302793354529e-02
2.904643322858e-01
7.396471576954e-01
-2.621477815404e-01
-1.017601203862e+00
-5.566398724271e-01
7.726781523489e-01
1.131056388026e+00
-7.529637057737e-01
-5.512387015104e-01
-1.380757721314e+00
-1.300466079520e-01
-7.398636581688e-01
-6.016364098407e-01
6.552385244329e-01
2.885878551294e+00
-1.045388352507e+00
-2.332743624367e+00
-1.607013525905e+00
-1.688562727505e-01
-8.182108883140e-01
4.299340256417e-01
6.033043524194e-02
1.506290630705e+00
2.092749728863e+00
2.165470058381e+00
2.118476887372e+00
3.847154826509e-02
2.389190804437e+00
3.553660204954e-01
8.260129621447e-01
-1.714242060090e-01
-9.887278658908e-03
-1.544459686262e+00
-8.920125787092e-01
7.004835611633e-02
4.451376785190e-01
-1.860961376767e+00
-1.359828139112e+00
-1.375196246570e+00
-9.511859634380e-01
1.495870819825e-02
1.371091578256e+00
3.495800573893e-01
-7.316007969522e-01
2.295442010491e+00
2.140453369822e+00
1.526860907652e+00
1.577436497411e+00
1.020279574464e-01
-1.532999881420e+00
-2.391186351304e+00
-2.095313346668e-01
1.025166193092e+00
1.493213475949e+00
-3.604355918051e-02
7.820485579330e-01
7.035449569217e-01
-2.987591786947e-01
-7.391668998910e-01
-1.666235869253e-01
-1.566582723984e+00
8.039472716933e-02
-4.230501217726e-01
7.900853044328e-01
2.088815833887e+00
9.095046272545e-01
7.912648981851e-01
-1.003512371508e+00
8.977723590040e-01
5.876591881431e-01
1.228186192238e+00
-7.750397706598e-01
-6.098723342720e-01
2.483747884420e-01
-1.161213679392e+00
-2.036050111682e-01
-3.519990921663e-02
-8.340947615079e-01
-9.570143636617e-01
1.606477223902e+00
-5.483930073567e-01
5.514502303080e-01
-5.830430087421e-02
-1.013085800667e+00
-1.857176522456e+00
-1.337286000500e+00
-2.056580635230e-01
-6.718566502449e-01
-8.356896160707e-01
6.947504384945e-01
-2.217447535275e-01
-1.541672033514e+00
1.028144004246e+00
-1.369643974112e-01
-4.638102966382e-02
-2.216158169045e+00
1.623024471686e+00
1.493664455930e+00
-1.695531155897e+00
-1.708518183829e+00
-1.369929050902e+00
1.780032327919e-01
5.146741169003e-01
8.434757679592e-01
1.453815563816e+00
-1.500856100775e+00
-8.127412806156e-01
-1.305155684357e+00
-7.819226281965e-01
-3.211890875015e-01
-1.376964785434e-01
8.545212863001e-01
1.953328833726e+00
2.441021189929e+00
8.004869796185e-01
4.232099555646e-01
1.680550355733e+00
-8.811727888066e-01
8.366658451513e-01
-1.524876181843e+00
-2.689148927982e+00
2.090983070363e-02
5.410408058595e-02
3.638673286455e-01
1.430471702794e+00
