-8.921583948561e-01
-2.343920859667e+00
2.324473090875e+00
2.351433059550e-01
1.799031699736e+00
-7.660274257800e-01
-2.576546885375e+00
2.544229108052e-02
-2.159941708260e-01
-8.723864825010e-01
8.154691321102e-01
-1.320795243048e-01
1.141013655704e-01
-6.245543821465e-02
-1.700789368665e+00
2.620013402656e+00
1.298819173768e-01
2.123781809001e-02
-5.587340651742e-01
-2.029535944400e+00
-3.996179670363e-01
-8.790538514564e-03
7.781234891108e-01
6.969842615244e-01
-1.539943424231e+00
1.115915298863e+00
7.276289765336e-02
-7.766501770188e-01
-1.941929603653e-01
1.966972721008e+00
-9.988495873965e-03
-1.230162518169e+00
-4.539885208815e-03
-1.487169872160e+00
7.877781020631e-01
1.140586212271e+00
-4.636616810757e-01
-7.303642645519e-01
-3.748633645272e-02
1.876170801340e+00
-1.722822054558e+00
-9.570794798540e-01
-2.429814280161e+00
-2.576307731663e+00
-7.271795576584e-01
-7.825116330539e-02
-2.550104628863e+00
-1.703314516955e-02
-9.185503387158e-01
7.164403614350e-01
7.713278590231e-01
-8.913629891969e-01
-2.385478952008e+00
-1.209090850691e-01
-7.620552446024e-02
9.099581889660e-01
-1.071494370207e+00
2.128414123862e-02
5.801988609686e-01
-2.539429590365e+00
-1.497623613139e-01
7.126880186026e-01
1.035325655801e+00
-2.164554674997e-02
-9.437255428904e-02
-2.714983084208e-01
8.489841488119e-01
-8.400436003162e-01
-2.319463738358e+00
-4.182267308865e+00
-1.328269486450e+00
3.687403266147e-02
9.617418327146e-01
7.845198002393e-01
1.742024499085e+00
7.188840726125e-01
1.712192113912e+00
2.477637638982e+00
3.695552095720e-01
8.685770517475e-01
9.528505281430e-01
1.746423607929e+00
3.094218507984e+00
1.230897700706e+00
-1.725363443940e+00
-8.425455428836e-01
-1.632631819305e+00
7.779158664572e-02
-6.583063561472e-01
1.630586813207e+00
1.918244533727e+00
2.769932913623e-01
6.630359838970e-01
-8.224861900789e-01
8.222176971300e-01
1.757432925131e+00
-7.059627883655e-01
8.730484423621e-01
8.843221778222e-01
-3.781789152454e-02
8.508100641428e-01
3.482800274932e-02
-2.328329776441e+00
9.749430152746e-01
-2.106940369971e+00
-8.036561324253e-01
-2.927619418363e-02
7.336583970114e-01
-3.696834389363e-02
-7.803227619276e-01
-2.274212642088e-01
9.121361168573e-01
7.954148180505e-02
-1.798645239883e+00
-3.192592092072e+00
2.489496221132e-02
-8.898911289036e-01
9.093854533302e-02
-1.581378373948e+00
-1.460288385769e+00
-1.785053962210e+00
-8.585071571735e-01
-2.469659802779e+00
-2.255723210434e-01
8.401019514270e-01
1.233505242916e+00
8.808110944139e-01
1.190260063156e+00
1.698978439360e+00
-7.362746587462e-01
8.848057736909e-01
2.573302913590e+00
-7.786763441888e-01
2.173387609523e-01
-3.249144899148e+00
-8.676008923632e-01
3.654937359624e-01
6.366304525661e-02
-1.697770288675e+00
-8.781820197293e-01
-1.615663179689e-02
2.104892651022e-02
-1.000320682846e+00
7.963220739708e-02
7.965203437602e-02
-3.717627271180e-02
8.097299872731e-01
-6.985819289156e-01
8.311333342082e-01
-7.360492636412e-01
-1.497399504110e-01
-2.115035410586e+00
-1.543190846668e-02
2.240118522546e-02
-7.911566917980e-01
2.160323995150e-01
-2.048703217903e-02
1.939291120912e+00
3.276825008484e+00
8.582217877207e-01
2.890752915855e-03
-9.162801184032e-01
-2.494327659934e+00
-8.744329959809e-01
1.449936820549e-02
1.612709919856e+00
-8.841194490179e-01
-1.038521101121e+00
-1.605396260490e+00
-4.167549088316e-01
-1.958607693201e+00
7.970685598371e-01
8.500508059330e-01
7.830748527312e-01
-2.546950586653e-01
-1.441616900439e+00
1.877444578318e+00
6.929195078289e-01
8.022546797748e-01
1.772676989757e+00
6.955389152866e-02
1.766771962947e+00
2.240215291771e-03
8.409862877163e-01
-8.088545530258e-01
4.399325588187e-01
1.127089878526e+00
-1.504454834002e+00
-4.331833406356e-02
5.971726470682e-04
-1.758458005314e+00
-1.780078891953e+00
-2.597216497745e+00
-1.844086446808e+00
-8.643065944748e-01
-8.682734263495e-01
-7.493423778031e-04
-2.703312417721e-02
5.782691780761e-01
5.815847583571e-02
-7.473935442498e-01
3.250825322100e-01
-1.608134646666e-02
-3.189317770884e-02
-2.717041028712e-02
8.669297241830e-01
8.695749669108e-01
7.743722119323e-01
-7.694796982907e-01
7.591440499037e-01
1.581543921979e+00
-1.420797827581e-01
2.313498340705e-01
-8.944128013227e-02
2.387042910374e+00
-1.759195997515e+00
-1.561165300423e-01
-2.676874514581e+00
2.949160865237e-02
-6.390208273403e-01
-1.495137901839e-02
-8.466284659161e-03
1.621735838518e+00
7.226260245547e-02
-7.187785008103e-01
8.220848876599e-01
8.751308204225e-01
-1.705895070858e+00
8.993612807990e-01
-4.079913199113e-02
-7.397792029190e-01
9.445439305494e-01
-7.533504271372e-01
8.109811332490e-01
-8.527886336174e-01
8.116763576317e-01
2.546311159441e-02
-8.678951505067e-01
1.792348865348e+00
8.709245530603e-01
1.672259424052e+00
4.586558954030e-01
-3.787850024937e-02
-9.224607285392e-01
1.540832900341e-01
1.452627414773e+00
-7.945444691702e-01
-6.611563270969e-01
-5.623258912685e-02
-8.681172109917e-01
-8.958681892279e-01
-1.804439183772e+00
-1.672799987340e+00
-2.074156011570e-02
8.675677626667e-01
1.751077661383e+00
3.976550718203e-03
8.844560494338e-01
2.426230190359e+00
1.000501964541e+00
-7.358726875913e-02
-1.395820519289e+00
-1.656733898754e+00
-4.010105643617e-01
-1.270020537402e+00
4.264984489626e-02
8.857489624442e-01
6.563248350020e-01
-1.102865167862e+00
-8.923590934828e-01
-2.473882451181e+00
-1.691794815691e-01
-1.071737300511e+00
1.678305580812e+00
2.909264075495e-01
-7.926972085078e-01
-1.205603201080e+00
1.395214040310e-01
3.534698108553e-03
1.804027261837e+00
9.235494355171e-01
-8.773968877843e-01
1.031240248503e-02
8.677288273774e-01
8.848000205652e-01
-1.416839466186e+00
-8.857065231461e-01
-1.500320736165e-01
2.465454459899e+00
1.030619218009e+00
8.686169497906e-01
1.025122863093e+00
1.030840887297e+00
-1.732157529884e+00
4.525572123057e-01
1.669898121227e+00
-1.797485485585e+00
9.970693737892e-01
7.871071159711e-01
-8.434386866819e-01
-1.391207396707e-01
4.696287966355e-01
-8.376767853673e-01
1.506849981331e+00
1.836726754180e+00
8.780161758210e-01
2.917567545974e-02
-1.242948775569e+00
3.598630396279e-01
1.058586373213e+00
-8.419955346872e-02
8.473706326092e-01
8.720913315203e-02
6.673687470164e-01
1.556985242781e+00
6.662318848690e-01
2.531721070412e-02
-2.150790795318e+00
8.052210748750e-01
-1.710105367816e+00
7.532834382971e-01
-1.642666744010e+00
-1.059963487007e-03
8.014119247382e-01
9.158261278398e-01
-2.068477971516e+00
-1.924915120381e-02
7.710343728641e-01
1.934000020699e-01
1.695679354026e+00
1.791604756349e+00
-9.048154683777e-01
-1.876203661092e+00
2.254633527201e-01
9.339621139613e-01
3.401180088561e-02
-3.449762686173e+00
-8.608263194968e-01
-3.518155472149e-01
1.492946829810e+00
7.120595636355e-01
1.325694455568e+00
1.065284021282e-01
1.765494034862e+00
-7.707296117226e-01
8.239712240294e-01
8.550033198103e-01
-5.326347813107e-02
-8.415477179891e-01
-8.071358244428e-01
-8.797163416356e-01
-8.435233012973e-01
-1.098780125772e-02
1.653368239660e+00
-2.377996620725e+00
-1.671528443549e-01
-3.323089204818e+00
-1.930191235884e+00
-9.212408160044e-01
5.485621014075e-01
1.662683056317e+00
1.284211445999e+00
1.633609878469e-02
1.607859479025e+00
1.691478046500e+00
7.522669434856e-01
-9.382471608927e-01
1.750286468886e+00
8.069045462064e-01
-2.616788450603e+00
-1.701356526364e+00
-9.023094795692e-01
2.802907089223e-02
-2.022268290405e+00
-1.865157954667e-02
-1.713271270477e+00
-6.492244038256e-01
-8.297216860299e-02
-1.002960990872e+00
-6.962389480911e-03
-2.597488798872e+00
-1.712227416258e+00
-1.800479545897e+00
7.808995142145e-01
7.424861310723e-03
8.531588287934e-01
-3.349923215844e-02
8.766036166388e-01
8.549692244237e-01
6.289347747646e-01
-8.792245310765e-01
4.465733833521e-01
-1.197785644487e+00
4.795456408748e-01
9.142238292890e-01
4.566209149325e-01
7.663099934570e-02
9.511143577839e-01
-3.540445139031e-01
7.162129471917e-02
9.118315851234e-01
-7.969540438865e-01
-3.073828910614e-02
5.443509831806e-02
-1.857731558129e+00
-1.635671236088e+00
8.817432645212e-01
-9.100988210206e-01
9.393829192610e-01
8.949288895054e-01
6.894311809518e-02
1.305598523723e+00
-6.416423032163e-01
1.716875905741e+00
2.559462991603e+00
-1.791108590884e+00
-2.441190597865e+00
-8.188610589006e-01
-8.726774347971e-01
-8.748473596024e-01
2.225403831229e-02
-8.781505072511e-01
-1.589796443991e+00
1.985339074597e-01
1.503974306163e+00
-1.042957444934e+00
-5.184138436345e-02
-1.633455495551e-01
8.712314817498e-01
7.407083345780e-01
8.872189167788e-01
6.934977914428e-01
3.973681693744e-02
4.362142777205e-01
2.580317046697e-01
-8.596161066949e-01
-8.438674342897e-01
1.806196977375e+00
-7.167806960439e-01
-9.487485852743e-01
-1.220131225364e-02
9.464366038571e-01
3.487907610659e+00
-3.854108462601e-01
8.827326525977e-01
-7.113639926325e-03
-9.016665885306e-01
3.524528890968e+00
7.515207073302e-02
8.117633635254e-01
-7.031823210900e-01
1.779050363953e+00
8.538403416449e-01
-6.112371819555e-01
4.993974421897e-02
6.258709790993e-02
8.093260614153e-01
8.181646698877e-01
-1.308328799414e-01
-3.522608820429e+00
-2.640078441846e+00
-8.938743762028e-01
8.461097466611e-01
1.736075440422e+00
-7.183223182676e-01
-1.357433936446e-01
8.866311486099e-01
-8.618191207533e-01
8.328144116479e-01
-2.609018740314e-02
2.380139028960e+00
5.696666372470e-01
2.646281587408e+00
-7.583795451092e-01
8.539579395351e-01
8.583802320424e-01
-9.810625531839e-01
-9.488759542323e-01
-1.704867311499e+00
-2.257942693261e-01
8.483667364636e-01
-9.383846491016e-01
9.093480578298e-01
-2.385948695514e+00
3.921581695695e-04
-1.604278418165e+00
-8.177886536887e-01
1.079406246638e-01
-8.933823853877e-01
-8.785018020913e-01
-8.441346126759e-01
-1.488341775199e+00
-1.689889493805e+00
7.136364466066e-01
-1.786114688008e+00
-1.695233933031e+00
-8.923691610589e-01
3.269350141279e-01
-9.096785713496e-01
1.419009158095e-01
-7.955470536244e-02
-1.314492489323e+00
-8.468125209321e-01
5.456358042091e-03
1.651062810900e+00
-2.423440243761e-01
8.697210281161e-01
2.635272595195e+00
1.651206238072e+00
4.661608611596e-02
8.179854946958e-01
9.181261652329e-01
7.488337526650e-02
1.943195526191e+00
8.683290067204e-01
-9.595099975595e-01
9.950952216403e-01
2.245934226652e+00
7.553872854078e-01
1.428465538656e+00
1.711300925003e+00
-8.119324120882e-01
9.057136593550e-01
1.663474132177e+00
2.577151221395e+00
-1.727324130954e+00
1.628400717282e+00
2.365227909911e+00
-1.733257819266e-01
-8.878068158110e-01
1.393858010572e+00
1.550597615031e+00
1.729710954968e+00
-1.798684790398e+00
-6.068919341193e-01
-9.271535175065e-01
-2.109538175795e-02
-1.707618414520e+00
8.126158733969e-01
1.675051942453e+00
2.532390810278e+00
1.612736735201e+00
-1.315441104167e-01
-6.969727098758e-02
8.580150850774e-01
5.756181689557e-02
2.075170087572e-01
-1.796052859733e-02
1.657610664672e+00
-7.253549226226e-01
1.669506084813e+00
8.206083113543e-01
9.613218360332e-01
7.726690275894e-01
-2.553419595375e+00
-5.135526530517e-01
-1.218575356936e-01
-8.586964255886e-02
8.947753988614e-01
2.564824458821e+00
2.983976143257e+00
-1.701986652630e+00
-7.761171735968e-01
1.776564562070e+00
8.637876111827e-01
-1.476588719510e+00
-3.184943421731e-02
-1.301151923244e-02
7.989701843256e-01
-1.225500209313e+00
7.309008465371e-01
-8.695771199306e-01
-7.740094986156e-01
4.646079598791e-03
-3.054374196507e-02
-8.109022086082e-01
4.751422191143e-02
-1.720103691469e+00
-5.725913914143e-03
7.248219525925e-02
8.013251417052e-02
-3.323058725164e-02
1.540145529864e+00
-4.542466629990e-02
-2.832169367608e-02
-2.582604601946e+00
-1.688993425991e-01
-4.377122128438e-02
-9.103717677917e-01
8.181137642888e-01
8.211454952252e-01
8.285769077801e-01
5.692115394477e-01
5.603790769240e-02
5.584543991518e-01
-8.800134509008e-01
8.985067280245e-01
-1.494368085823e-01
-8.999970175080e-01
1.443244320566e+00
8.916734163535e-01
7.896728507186e-01
2.143831321097e-02
6.960616048507e-01
-2.183535317458e-02
-3.204952334489e-01
-1.206875914428e-02
5.167649915051e-01
1.564569141220e-02
1.973356083726e+00
1.677837878715e+00
1.077523957361e+00
1.795816648992e+00
1.737388567961e+00
2.206308825942e-01
1.743386960073e+00
-1.087432414878e-01
-8.547123882694e-01
-2.344271086362e+00
-1.762700272859e+00
-2.366136409179e-01
1.056249924611e+00
-8.562121098453e-01
8.553718238255e-01
1.791550333122e+00
2.162539863655e-01
-7.322580958531e-01
-1.572818648257e+00
4.764488084469e-02
-8.406408495871e-01
-1.771092298572e+00
8.726228227307e-02
-9.429054303178e-01
1.788933326257e+00
-1.310145567169e+00
-2.682639880976e+00
-1.782333866896e+00
-1.582039965203e+00
-1.558293385642e+00
2.238577825134e-01
1.633023892522e+00
8.250354395035e-02
8.276588716128e-01
-8.228170204677e-01
2.829689788821e-01
4.362762208918e-02
3.531133507778e-02
-7.815001206515e-01
-9.016320628952e-01
1.289713080351e+00
1.979893718378e+00
9.361050182065e-01
6.931496848684e-01
-2.737393568695e-01
-9.340355467568e-01
-2.402792532669e+00
-9.053725152627e-01
8.367695441027e-01
-2.484893068087e-01
7.517801401253e-02
-1.517849395647e-01
7.651354595519e-01
-2.038370302645e-03
9.243737774559e-01
8.618012554809e-01
8.932288404264e-01
-1.868054436948e-02
-1.095782084425e+00
-2.262275511433e-02
-8.706762176168e-01
-8.693188211769e-01
-2.218327836370e+00
1.025827102057e+00
1.757635487239e+00
8.470404872111e-01
3.083982152097e-01
8.068535947384e-01
-4.603591073273e-01
5.651757979344e-02
6.869345332722e-01
7.205386346182e-02
1.334042855710e-01
8.916203916847e-01
8.191662978023e-01
1.790277534747e+00
2.979537547286e+00
6.004968246099e-02
-1.055928069835e+00
8.858555607088e-01
1.612353645894e+00
8.814915356733e-01
9.365526280648e-02
8.952979853181e-01
3.758195004347e-01
-1.734671671768e+00
5.990150300099e-01
1.496660729171e+00
-7.451176933384e-01
1.185940349912e+00
1.028343400672e+00
1.326875842911e+00
1.656442106230e+00
4.587225469231e-01
5.019791795077e-01
9.401618722004e-01
1.074712905388e-01
-7.626469291399e-01
6.362134111419e-01
-9.313589584994e-01
-1.766290638983e+00
4.608020363014e-02
-8.097356843431e-01
-7.486540614785e-01
-8.859372001021e-01
-2.588105824665e+00
-7.700829469057e-01
-2.126900526253e+00
-1.726528829407e+00
-1.795904018248e-01
8.184415461224e-02
-7.765387984174e-02
8.639934831402e-01
1.700452320828e+00
1.768798024942e+00
-2.055118745411e-02
1.431397449965e-02
9.761683268265e-02
-6.718944809567e-02
1.656123622521e+00
-7.380668587084e-01
-1.024749018821e+00
-1.753020789036e+00
-1.591426685541e+00
1.771240630636e+00
-2.475430212253e-02
-2.569795515110e-03
1.554810883822e+00
8.887314004650e-01
-5.246384101448e-01
7.026497017434e-01
-1.769187302251e+00
-2.609161917824e+00
-3.971582287823e-01
-6.283400238547e-02
1.725059049258e+00
-3.502618800914e-01
-6.884488475088e-01
-2.609005651188e-02
-1.656088363176e+00
2.519840754064e-02
8.937673093213e-02
2.505734195671e+00
1.818211833113e-01
7.429409002984e-01
1.153075515227e-01
8.971620268678e-01
-9.316051468873e-02
3.805595732214e-02
8.442501405643e-01
8.770517586003e-01
-8.721361371465e-01
6.558123554189e-02
-3.302352350794e-02
1.954229003348e+00
-8.677950511475e-01
1.521746556495e+00
-3.390660893806e+00
-1.443216579749e+00
7.545914888104e-01
9.047550446401e-01
-8.761528144716e-01
-4.898242327256e-01
-1.356676711383e-02
-1.782394946294e+00
-1.708076159705e+00
-1.440112984450e+00
6.418874559107e-01
-1.747584967934e+00
-6.319181402136e-02
-8.678359651888e-01
-7.169774400844e-02
-8.115926312161e-02
8.350145167113e-01
-2.663408632402e+00
1.818711311659e+00
7.948141084221e-01
-8.976270409877e-01
-1.313814792532e+00
1.643041899984e+00
3.701230563636e-01
-8.311347346116e-01
-7.167110472020e-01
5.471060279284e-01
-5.592465983366e-01
-6.547036367618e-01
-2.682193522073e+00
1.344708662583e+00
8.861589124319e-01
-3.033952827730e-02
3.100897205641e-02
-8.020439420930e-01
8.333272988345e-01
8.621326029721e-01
-3.489923684260e-03
8.665187307762e-02
-1.700742171155e+00
-7.573514150786e-01
8.734445407320e-01
1.849494982229e+00
-8.074804585415e-01
1.188030747896e+00
-3.244891475040e-02
2.461089117351e-02
-5.641545695943e-02
-1.741368569556e+00
-1.611351814789e+00
-1.488919611045e+00
-1.618701558962e+00
-5.658038244904e-02
-1.197423626082e+00
7.972710252394e-01
1.735457813541e+00
1.748009460904e+00
-1.745352647111e+00
2.742087336514e-02
-1.268908156136e-02
1.490075065089e+00
-2.127765972004e-01
-7.173337765433e-01
8.459871670195e-01
-2.342638023979e-01
-1.191953136906e+00
-1.774166646763e+00
-4.440920917912e-01
1.311417887204e-01
1.777577519538e+00
3.303473996854e-03
1.869217565483e-01
8.891390223021e-01
-8.159598705861e-02
-3.230722658921e-02
-2.385615606427e+00
-8.665018659178e-01
-3.099245803789e+00
1.643855680985e+00
2.589295515510e+00
1.362935250688e+00
8.908906258732e-01
8.976545828026e-01
1.754725488769e+00
1.705795888880e+00
1.157899184299e+00
6.678702788755e-02
9.571862439313e-01
7.304016140300e-01
-1.356168933991e-02
1.492291995178e-01
8.924925684841e-01
-3.216591919110e-01
-1.061718187434e+00
-7.773330193631e-01
7.541961157005e-01
1.483957939598e+00
-8.544215863813e-01
-8.530834729463e-01
-1.586529049896e+00
-2.106428850304e-01
-8.979479939331e-01
-6.188225690421e-01
8.350619692028e-01
3.422124204817e+00
-8.862870494799e-01
-2.397289958687e+00
-1.646181553504e+00
-2.644776926315e-02
-9.154099322779e-01
7.329876179010e-01
5.311615169167e-01
1.692311609419e+00
2.086560511150e+00
2.435818945511e+00
2.459112865408e+00
4.198795567358e-02
2.597373138803e+00
7.826587378487e-01
8.370142801802e-01
-3.632224360401e-01
3.963678662697e-02
-1.755913861412e+00
-8.847821823882e-01
-5.412789011007e-02
1.893805606035e-01
-1.772702216761e+00
-1.423024597551e+00
-1.743307013101e+00
-9.231214455563e-01
3.828448898176e-02
1.717717746744e+00
4.696604931729e-02
-8.731390160504e-01
2.575521703843e+00
2.398150149640e+00
1.712280357321e+00
1.687047833485e+00
5.506570091485e-02
-1.623511337595e+00
-2.643191610109e+00
-1.054315258652e-01
6.462394069667e-01
1.708986158860e+00
-2.745152817258e-02
7.922022636282e-01
8.244588971327e-01
-5.777436668561e-01
-8.213711052601e-01
-1.316904571526e-01
-1.753717933278e+00
7.406219903172e-02
-3.979713833460e-01
8.597616347547e-01
2.619305949187e+00
9.260996629818e-01
8.346880747098e-01
-1.051145253951e+00
9.382022220595e-01
8.295873036203e-01
1.490450543501e+00
-8.962647407506e-01
-7.852017313967e-01
8.491392966380e-01
-1.433965447202e+00
-8.271562882065e-02
6.866045257004e-02
-8.631389352399e-01
-8.786696013268e-01
1.494887357253e+00
-5.869484052768e-01
6.512582677297e-01
-7.979556704421e-03
-1.353435889463e+00
-2.428960438786e+00
-9.653267904753e-01
-1.191750985925e-01
-7.967709708039e-01
-8.813172081197e-01
7.170611347211e-01
-3.216465393931e-02
-1.740894185086e+00
9.245890658831e-01
-1.485164176052e-02
3.040599386233e-02
-2.555454350748e+00
1.785898658944e+00
1.708306892137e+00
-1.800502269536e+00
-1.737749932817e+00
-1.476932955581e+00
4.213242851339e-02
3.889472607885e-01
8.872393787779e-01
1.480222700288e+00
-1.718247813863e+00
-8.980746293026e-01
-1.418663372173e+00
-8.559346167181e-01
-2.397968261582e-01
-2.338494451427e-02
8.927227635471e-01
1.776910632965e+00
2.673468054768e+00
9.611994363463e-01
7.962443282744e-01
1.783810071833e+00
-9.173398985328e-01
8.836129714061e-01
-1.769936315272e+00
-3.171238224005e+00
3.882203210762e-02
-7.086912085677e-03
3.328014836069e-01
1.524035874628e+00
