-3.472248790150e-01
-9.581857184410e-01
1.717206385817e-01
-2.061090333314e-01
5.816283155632e-01
-1.146916022182e+00
-9.080428148855e-01
5.340573194724e-03
3.161085416070e-01
-2.062642235375e-02
6.411364344585e-01
-1.108579519384e+00
-5.595607072246e-02
-4.105486445412e-01
-7.516770050605e-01
3.976952715504e-01
-4.664554769968e-01
-6.819692468651e-01
3.014767637875e-01
1.438131883165e-01
2.850224622822e-01
7.904681016869e-01
-5.181575360804e-02
-8.126471827001e-01
1.305377756923e-01
8.652243614120e-01
1.657651985356e+00
-5.338945944076e-01
5.501190099242e-01
1.074115884768e+00
-1.552876325645e-01
2.525309016957e-01
-7.925267312716e-01
-2.340545377049e-01
3.284495498971e-02
1.051782138767e+00
4.143399783502e-01
-1.014450678821e-01
1.134533132829e-01
3.967440632133e-01
-3.856651703309e-01
-5.466206952748e-01
-2.481634934394e-01
-2.169260071884e-01
-3.722556723705e-01
8.129872611686e-01
1.165311268938e+00
-1.891917119219e-01
-8.855699135011e-01
3.641327915314e-01
-6.297144795450e-01
-6.573946181496e-01
2.714362740029e-01
2.508978433792e-01
-3.779092236398e-01
9.291772576019e-01
-2.041570012499e-01
2.756257236657e-01
4.067329331445e-01
-1.004743482418e+00
9.165472597451e-01
-2.474449166147e-01
2.929597727547e-01
-1.011770519993e+00
-1.062792016055e+00
-5.050589547352e-01
2.025736170111e-01
-1.757154961719e+00
3.684697090962e-01
-5.982045591151e-02
-5.323090178153e-01
-2.875520709845e-01
1.711133665365e+00
-3.464367645063e-01
1.347434560465e+00
-1.794219731367e-01
1.273427821772e+00
1.056761629409e+00
-1.419395822397e+00
6.482230739519e-01
-1.702833963631e-01
-5.957939765901e-01
1.021493014142e+00
3.655900498915e-01
1.091730912149e+00
5.058449652272e-01
-6.759493591168e-01
-5.797006127353e-01
2.135810524429e-01
-6.185750287566e-01
4.048653649456e-01
9.653556108880e-02
4.483273620935e-01
-3.992796407771e-01
-5.366368891310e-01
2.758316941109e-01
1.667278223771e-01
-2.877889460370e-01
7.504389621873e-01
-9.415564379697e-01
4.906487759251e-02
4.038688576226e-01
-9.816530133389e-01
6.808780776310e-01
3.842655827749e-01
1.388046428584e-01
-4.105117362236e-01
-4.398991616498e-02
1.261632376149e-01
-1.858608418254e-01
-4.907565910447e-01
-2.687429952800e-01
-1.149914513178e+00
1.078848467924e+00
-2.499260503373e-01
-5.957951754376e-02
-2.113231303490e-01
3.467055364793e-01
-7.399655202103e-01
-8.968567291949e-01
-2.214635065165e-01
-4.303588014925e-01
-6.096035377847e-01
-2.997157298153e-01
-4.165200432253e-01
4.931995814585e-01
-3.425908642087e-01
6.306876993106e-02
4.233984694735e-01
9.939259495657e-02
1.078064075903e+00
8.803558282066e-01
1.022920846019e-01
6.877084751517e-01
-5.280540133005e-02
-6.539289109603e-01
4.386346842158e-01
7.302661546978e-01
-2.390300675627e-01
4.381856710559e-01
-1.007082767365e+00
-1.536185755242e-01
2.013004173184e-01
-4.881472114428e-01
-2.485954894526e-01
1.185145904527e+00
-2.004439964199e-01
-1.278577704335e+00
-1.184630247071e-01
-8.872084692101e-01
-5.498850194338e-02
-7.643949618578e-01
6.055094567969e-02
-1.035268290299e+00
-2.110027630210e-01
3.224677653872e-01
1.820730739968e-01
7.355767593209e-01
1.254453502718e+00
-1.089648739571e+00
-2.693677420351e-01
-1.144850806942e+00
-4.418715165242e-01
-3.526270359843e-01
-6.338107027955e-01
7.660353165529e-02
1.152977849799e-01
-1.205450779022e+00
6.610058668430e-01
-5.218792088117e-01
9.644402248592e-02
1.415762190667e+00
-4.868930521956e-01
1.067344980337e+00
6.002284564323e-02
-9.191383033622e-01
4.441805047134e-01
-6.315866175429e-02
6.333588953007e-01
1.179774782316e+00
-3.155594620349e-01
-7.588969816217e-02
3.198292941806e-01
7.139836830754e-01
-4.549100551310e-01
-6.812027397623e-01
-7.143885600057e-01
1.423253242890e+00
1.430002233911e+00
-5.927655249101e-01
-8.016350305137e-01
-2.526264192308e-01
7.864721732206e-01
1.236448998786e-01
-1.989106012519e-01
-5.019107477307e-02
-4.373811379665e-01
7.296565813011e-01
7.938304948981e-01
7.404596895403e-01
1.334180111542e-01
7.113335280767e-01
2.807833891393e-01
4.466633082804e-01
-3.395175561681e-01
-9.826889789145e-01
-2.006750550892e-01
-8.859252411966e-01
-2.386573687250e-01
3.625831229741e-01
-1.129119314577e+00
-3.536207822816e-01
-3.400800644210e-01
-3.437785369184e-01
-1.071263161181e-01
-5.629712106990e-01
-5.364640124231e-02
3.714500446682e-01
-9.108604569510e-01
1.336201108952e+00
1.834522261467e-01
-8.659887200468e-02
-1.662793188659e-01
-9.986214873218e-03
6.870796164123e-01
7.096642989298e-02
7.585854120944e-01
1.576483361887e-01
-6.774312097813e-03
4.706316289422e-01
-3.352618245150e-01
-8.099010655638e-01
-6.440580372126e-01
-1.590097307812e-01
-1.156514555996e+00
-1.796049544855e-01
9.686073448619e-01
-1.143434819207e+00
1.027318487966e+00
-9.993652483072e-01
-8.051116320385e-02
1.109471800762e+00
8.417683140332e-02
4.029376539537e-01
-9.381797365366e-01
-1.381411997031e+00
-3.046333117805e-01
-3.722078612164e-01
-1.447444145977e-01
6.035655949002e-01
5.604639612821e-02
-1.529582393054e+00
6.876523908648e-02
-3.747146441840e-02
2.270486571110e+00
9.727615300120e-01
2.123734100322e-01
4.929307018543e-03
7.758083235083e-02
6.440246204207e-01
5.995840305172e-01
-1.773776149014e-01
-4.203197296338e-01
2.687143563189e-01
-1.065642626947e+00
4.914079355558e-01
8.743838000486e-01
8.162988572521e-01
7.368329912764e-01
-6.645068794233e-01
2.536226483394e-01
5.491928886626e-01
6.496176232668e-01
-8.180388855287e-01
-1.032855185867e+00
-3.150139475716e-01
-4.956208420626e-01
-9.995445907029e-02
1.301890343480e+00
-1.552807034115e-03
5.847327712102e-01
3.107027818020e-01
2.393703502386e-01
2.636036921648e-02
4.552326988495e-01
-4.001830053503e-01
3.875647018648e-01
-2.251396405499e-02
5.977220223405e-01
2.111347028903e-02
-1.868685343909e-01
-5.867035323384e-01
1.974770032140e+00
1.259120517720e-01
3.278801573345e-01
-1.014249239045e+00
1.601831258332e-01
1.581873853938e-01
-2.539894310333e-01
-5.221461863127e-01
1.263768444263e+00
-9.208266931540e-01
9.387317866301e-02
3.686286704391e-02
9.576715239807e-01
-9.984186120563e-02
7.954389015341e-01
-8.714589500615e-01
5.460268012314e-01
-5.260153715945e-01
-3.258744650741e-01
-3.539612774080e-01
1.985089009876e-01
-6.029715099892e-02
1.471787387709e+00
7.729800813438e-01
-1.744224807306e-01
-1.820705416758e+00
1.220368807221e+00
5.781882360257e-01
-1.317017273133e+00
1.999067732173e-01
-1.980621780163e-01
-4.783635025044e-01
3.994088356533e-01
-5.488984500815e-01
-8.937520994196e-01
3.539330566919e-01
5.593733508741e-01
-1.653955749034e-01
7.968994125887e-01
1.183904027314e-01
-6.744288513794e-02
-1.086061758512e+00
3.558984397552e-03
-8.846848345937e-01
-6.526994010578e-01
8.805693163446e-01
-1.368721638368e+00
1.135515470298e-02
-6.631909350778e-01
6.514500304247e-01
3.137347976331e-01
-8.845672495034e-02
-4.282315874747e-02
-3.604122483185e-01
6.402925509279e-01
3.655675892306e-01
-1.416779768760e+00
8.074974500196e-01
-1.820722871007e-01
-9.176121777937e-01
-5.733314302828e-01
1.347000593443e+00
-2.323947874018e-01
-4.390744120161e-01
-4.334684737222e-01
-9.226099544504e-01
-4.176808872694e-01
-3.454139958733e-01
-6.688139048167e-01
-3.771216329888e-01
2.245184856809e-02
9.553987574578e-01
1.224218528187e+00
-1.326139699374e+00
-1.055587130126e-01
-4.254263625150e-01
9.680831472430e-02
-3.149199645236e-01
-2.837200106370e-01
-1.006007301943e+00
1.017927122315e-01
1.152947347647e+00
1.557600268242e-01
6.074567610138e-01
5.267378241801e-01
1.400042875905e+00
-3.086536250270e-01
-9.730378985565e-01
-4.036695168037e-01
1.252059575279e-01
6.330535588181e-02
3.754559193337e-01
-1.397361529834e+00
-5.854701047287e-01
-1.055192506037e+00
4.573295460208e-01
-1.069061451397e+00
-9.838760752275e-01
-4.928899584175e-01
4.788428583105e-01
-1.161523696503e+00
-5.114926008358e-01
1.107184663033e+00
-7.342593456786e-01
-6.344378374260e-01
3.548751433677e-01
-1.267595330311e-01
-9.580334666124e-01
1.041477032491e+00
-5.838274144520e-01
-4.506466512148e-01
1.144098045852e+00
-4.196978599749e-01
-7.881238660155e-01
-6.429163917010e-01
8.582199459451e-01
-1.665542097553e-01
7.954429478090e-01
9.439709286205e-01
-3.954917521602e-01
8.529976338975e-01
1.024511035484e+00
1.588404183713e-01
2.631357629289e-01
1.008199914443e+00
3.879967782164e-01
-1.189117114541e+00
-6.731115115120e-01
-6.880310354549e-01
-6.541393707895e-01
-7.468122221286e-01
-1.009234022076e+00
4.050635968887e-01
9.770466856364e-01
4.927164193511e-01
1.184929988671e+00
-1.693465105675e+00
1.218326875667e+00
-3.212324490821e-01
1.303366174027e-01
3.741966200358e-01
8.959259892513e-02
1.546723783316e-02
3.437376400884e-02
-7.422435308572e-01
6.301723425507e-01
-3.992704537008e-01
9.694737146426e-01
1.612340312247e+00
6.948471706386e-01
-2.748572619815e-01
8.877262444502e-01
-6.153439986519e-01
-1.606608864570e-01
3.983127129861e-01
8.691470694533e-01
-1.279821294076e+00
2.513003496244e-02
-2.134732455005e-01
8.690848791925e-01
-1.035087701728e+00
-7.884884422486e-01
-5.814494713461e-01
2.036066442525e-01
1.552323121299e-01
-7.980911764651e-01
-8.759419741141e-01
-1.000635664178e+00
-1.005196495381e+00
-2.409709077956e-02
7.119197386659e-02
3.688655836038e-01
4.018557090430e-01
7.327232780955e-01
3.994089838683e-01
1.032842532544e+00
-6.617955265684e-01
-1.035687237012e+00
9.586408831998e-01
-1.011606836994e+00
-2.490306721131e-01
1.262600960307e-01
1.114707174162e+00
6.373353999413e-02
-7.674694934701e-02
-6.225723591768e-01
-3.877174579845e-01
-7.336710245859e-02
-8.574771589689e-01
-3.833261034088e-01
8.012141569851e-01
-3.875822279734e-01
4.423119642540e-01
-3.975762571690e-01
-1.173112714390e-01
-1.030777120379e+00
-1.190642084122e+00
-3.473970608585e-01
1.605344594037e-01
-1.959162422297e-01
-2.365017101573e-01
9.169429258568e-01
9.758042274687e-02
8.078622213751e-01
-1.650523739263e+00
-5.185175167973e-01
5.646708632713e-01
2.676576331839e-01
7.478465977138e-03
-5.013831494366e-01
1.204887543446e-01
1.445600021470e-02
4.921333859007e-01
-6.571029200502e-01
-3.324106186003e-01
-4.369278952365e-01
2.756048810674e-01
6.281978383541e-01
-3.205097991687e-01
7.985673068351e-01
4.467850889796e-01
-5.799842516407e-01
-5.877660125940e-02
2.083031619464e-01
2.212883616413e-01
1.285874981335e+00
3.065355362841e-01
-8.882599997006e-01
4.592948214437e-01
6.419973836570e-01
-4.655120039574e-01
4.128309295281e-01
1.138278013221e+00
1.667698280565e-01
-1.033013496702e-01
1.658901998788e+00
1.299813490910e-01
-3.025324783949e-01
4.477955649486e-01
1.940174766657e+00
4.192583708385e-01
-1.222748761907e+00
7.199698837726e-03
-1.844588511823e+00
6.535170609606e-01
9.529454972656e-01
-2.213912809233e-01
4.098097065185e-01
-6.775752927409e-01
3.738987817236e-01
-6.118303425627e-01
-6.509535236722e-01
-8.451708468569e-01
-2.854879355617e-01
9.883360058323e-01
-1.143100565912e+00
8.213564220486e-01
2.575561559439e-01
1.167620276744e+00
7.132131515787e-01
-6.891931567999e-01
5.412872200401e-01
6.485586902532e-01
1.046916372273e+00
9.529279663050e-01
-1.911031218395e-01
9.891919963181e-01
8.355724465854e-02
1.240424853888e+00
-1.555357835241e+00
-6.240651647007e-01
-2.170932814451e-01
-2.271364644894e-01
-2.476926466893e-01
2.980741296034e-02
8.546417155404e-02
6.009773040833e-02
6.019779457483e-01
9.219220768291e-01
-8.023417577103e-02
-6.423211606653e-01
-1.320356411877e+00
-6.447431570877e-01
-1.380104059164e+00
-6.443223230624e-01
1.023812282496e-02
8.105681049124e-01
4.591003984479e-01
-1.369344920402e+00
-5.508232528973e-01
6.413576973040e-01
2.536974457327e-01
-2.493832476568e-01
-7.416049003954e-01
3.656386433075e-01
4.588557231294e-02
6.574578352908e-01
-4.593649364415e-01
-4.513823068063e-01
3.639867095762e-01
8.533583381058e-01
3.424752692243e-01
-8.434657482109e-02
-1.004041266823e+00
2.163954287891e+00
5.634000142771e-01
-4.151842743049e-01
-5.159043429334e-02
-3.422119947184e-01
-3.274237111748e-01
-8.143070445347e-01
-7.603737906377e-02
-6.360239010378e-02
-3.144777924041e-01
-2.476197061234e-01
-3.382106579563e-01
5.274660594924e-01
-8.568025767810e-01
1.321948158709e+00
9.711873098087e-01
1.166274522308e+00
-5.019959474313e-01
-5.230601786319e-01
2.762895156701e-01
-5.508982497888e-02
6.877275302090e-01
-5.586179024585e-01
-1.059214830504e+00
1.643567023379e-01
2.702307011122e-01
-4.258236592432e-01
-1.006733899252e+00
2.122980914769e-01
1.977895436080e-01
-7.220754289449e-01
-6.493189948642e-01
4.035271933069e-01
-7.647980730292e-01
-5.051797041799e-01
2.481972740192e-01
-4.638268620554e-01
-1.037645691033e-01
1.602459339556e-01
-6.337726810124e-01
-8.849209663980e-01
7.212358392035e-01
-1.054141615337e+00
5.307568021628e-01
-1.469859130610e+00
9.423377951304e-01
2.175018563706e-01
4.825305438766e-01
6.557142989154e-01
-7.618092344081e-01
-7.677689789652e-02
-1.047230684440e-01
-7.868565010241e-01
1.119253001859e+00
-2.505200078319e-01
3.941285676596e-01
-1.657842192999e-01
-2.564831416136e-01
7.376807767221e-02
3.019822181662e-01
-7.701159247541e-01
-4.696284034111e-02
2.743977314556e-01
-5.318812899369e-01
-2.999461213889e-01
-8.629252662803e-01
2.960180976273e-01
-1.192375153394e+00
5.382226095295e-01
5.110981970356e-01
-6.560323440252e-01
-1.844687871916e-01
-8.701226785275e-01
5.046323559859e-01
4.900703298402e-01
-2.288362968430e+00
3.125967092837e-01
7.975872063781e-01
-4.028469214082e-01
2.362665040420e-01
2.614286810362e-01
-1.814976954073e-01
6.686898007418e-01
1.333217979996e+00
7.955605408929e-01
2.400945851223e-01
4.378472846396e-01
6.426209801777e-01
-6.120676961223e-01
-3.166123756286e-01
-5.704427164303e-01
-6.089761694596e-01
7.453650354760e-02
3.121939222119e-01
8.445551599383e-01
3.999142070402e-01
3.697518277204e-01
1.697040725020e-02
1.215872547908e-02
2.564066732511e-01
1.236514664292e+00
-1.315428151491e-01
-1.086052744271e+00
8.309704576504e-02
-1.137703238599e-01
8.687877305824e-01
-3.460001556994e-01
8.786256536640e-01
2.324926748458e-02
-8.152465333940e-01
-4.295746669079e-01
-1.882367672272e-01
4.992267034163e-01
-1.318802014083e+00
4.258377762082e-01
-8.527072875916e-01
-1.117395819374e+00
-4.072174603779e-01
-4.022944260152e-01
-1.314140550855e-01
-5.813293164262e-01
4.331493065249e-02
-1.317514200636e-01
9.401287573508e-02
6.660837552861e-01
5.885072724228e-01
2.391447999682e-01
3.196028306037e-01
9.282311971746e-02
-1.071286342023e+00
-8.636849822602e-02
6.557017734946e-02
1.085356016788e+00
-7.440743020777e-01
-2.749014492410e-01
-2.670297619434e-01
6.351989499591e-01
-7.863078243081e-01
-1.397911111056e+00
-3.095028221159e-01
1.529693168181e+00
-5.311931862504e-01
-3.913912688879e-01
-9.824262978520e-01
6.688437872464e-01
-3.927828415778e-02
-1.289609157655e+00
1.908997864753e-01
-6.061317888308e-01
-3.220689811862e-01
9.265112422807e-01
4.497411339311e-01
4.371389439402e-01
5.497031163861e-01
-4.645844152237e-02
8.934295714492e-01
-1.240075257911e-01
1.533482201756e-01
7.274626312964e-01
5.113612201417e-02
2.185102281876e-01
5.841919120999e-01
-2.229743155388e-01
-3.521350519026e-01
1.598575302560e+00
1.512627195601e+00
-2.971470746744e-02
-8.656491722611e-01
1.273758171870e-01
2.626919387918e-01
1.654699272862e-02
8.224614252668e-01
7.369745284354e-01
8.209161856929e-01
-9.300110138616e-01
-2.245635604818e-01
6.002944864567e-01
6.091788847121e-01
4.633853752756e-01
4.408972278757e-01
-3.006983155296e-01
-1.531439339103e+00
9.273300509507e-01
7.303617159697e-01
-4.052163498349e-01
4.629154601421e-01
4.528150541527e-01
-1.393205220184e-01
1.070229136578e+00
8.481972324298e-01
-5.771418291408e-02
6.276801827609e-01
5.734390286924e-01
1.387597933807e+00
-5.263044605377e-01
4.919688344841e-01
1.072116455622e+00
-7.117483875992e-01
-1.282237867562e+00
-3.651971620294e-01
-1.120547678434e+00
-4.210157491208e-01
-1.039053273305e-01
-3.279166648505e-02
2.887393651170e-01
3.223799063600e-01
7.519349385951e-01
-4.115336746317e-01
1.177514974369e+00
7.487449480979e-01
1.620301426131e-02
-1.560057408176e+00
9.285418584446e-01
2.408227589070e-01
1.758961040374e-01
3.502272340784e-01
3.655215317482e-01
-4.148018851149e-01
-1.325486706180e+00
2.336779189600e-01
3.646501540249e-01
3.280632119370e-01
-9.207049418620e-01
5.660646701040e-01
-9.659773932948e-01
2.728647824852e-01
1.570977658999e+00
-8.608162593671e-01
3.541453147981e-01
1.060241291391e+00
1.206637117118e+00
-4.202745570356e-02
-7.256637094328e-01
7.907014716295e-02
-6.461037107307e-01
-1.784109515901e-01
-1.061722564881e-01
7.722792271228e-01
-7.982447678007e-01
2.259313107470e-01
3.888230650551e-01
-1.244794173132e+00
-4.581350013501e-02
-3.630161659408e-01
-1.183370457588e-01
-1.957784598325e+00
-5.851326686434e-01
-4.277907903468e-02
1.161028838381e-02
1.222013004832e+00
1.596360371526e+00
-6.740843315809e-01
2.079913793893e-01
-1.504359521889e+00
-4.266329146284e-01
1.095518557235e-01
1.181230672860e+00
9.268552477557e-03
-8.417298459852e-01
2.440759058935e-01
2.756812664465e-01
-1.499286838455e+00
-6.626794234637e-02
-7.187679119796e-02
-1.118283691550e+00
-7.754494836680e-01
1.531034020784e+00
-5.876796013951e-01
-5.297155349678e-01
9.862913507932e-02
4.903849602452e-01
1.117436485769e-01
1.041950362444e+00
3.686257439051e-01
5.488074450646e-01
2.073251618442e-01
1.698023874074e-01
-1.678220820962e+00
-1.166177553570e+00
-9.475782082549e-01
5.656929118148e-01
5.751380599250e-01
1.259444806604e+00
1.454373554754e+00
1.122092033951e+00
1.307041056506e-01
-8.708808229460e-02
1.352624168414e+00
1.342407828649e-01
5.894147471250e-02
-5.883509624589e-02
-9.920099539809e-02
-2.992419632388e-01
-7.050735130185e-01
-5.216642374658e-01
3.197378569288e-01
4.069469655192e-01
-4.490982570378e-01
-9.678686982462e-01
-3.461878319741e-01
2.977541789573e-01
1.274682061660e+00
1.235915320319e-01
-9.442786021863e-01
-3.148210048896e-01
4.002912538151e-01
1.124864772527e+00
1.411208004593e+00
-1.181388724380e+00
8.900100289029e-01
-3.829251532206e-01
-4.787979533985e-01
-2.575741323762e-01
1.035619337861e-01
1.095798064872e+00
-8.368145674675e-02
-1.276005069521e-01
9.669248729339e-02
1.017645846400e-01
-1.144526343953e+00
-3.592625894995e-02
-3.128824871688e-01
4.900746003130e-01
-7.920807667710e-01
5.166871436072e-01
4.212100145232e-01
7.016454925236e-01
-1.653075578661e+00
-1.329813946567e-01
1.352605065010e-02
-2.885819970466e-01
4.018444530446e-01
6.773832141664e-01
1.635230744389e-01
-4.547330050864e-01
-8.853545797152e-02
1.933648497085e-01
1.418557025240e-01
-1.949355924104e-01
-1.186114448740e+00
-5.311209464797e-01
9.688768748278e-02
-2.366290924761e-01
-2.046169204957e-01
-1.002214469949e-01
2.438023602284e-01
-9.520547237589e-01
-1.188367407539e-01
2.845496805250e-01
-9.298069223496e-01
-1.008229926139e-01
-1.621649312334e-01
2.672281310062e-01
1.589747362564e-01
-3.050614363366e-01
-7.239097064382e-01
1.046450994914e+00
1.031848203279e+00
-3.311059828042e-01
-1.877378750497e-01
1.182409392969e-01
7.155522417728e-01
-7.058240837976e-01
7.094694111049e-01
1.944566249051e-01
-6.152105204778e-01
-1.002786804276e+00
-1.633271519781e+00
-1.120506096833e-01
-1.690665272484e-02
-2.082712803166e-01
-6.365544228558e-01
9.699653664387e-01
2.057150544151e-01
4.298522231264e-02
1.529908001301e+00
1.603163743078e-01
-4.319517036526e-01
7.546205687283e-01
-8.397993746128e-01
-2.910140400204e-02
-2.198714828889e-01
1.916818317579e-01
4.810684279329e-02
7.572532773739e-01
